{"numTotalTestSuites":2,"numPassedTestSuites":2,"numFailedTestSuites":0,"numPendingTestSuites":0,"numTotalTests":4,"numPassedTests":4,"numFailedTests":0,"numPendingTests":0,"numTodoTests":0,"snapshot":{"added":0,"failure":false,"filesAdded":0,"filesRemoved":0,"filesRemovedList":[],"filesUnmatched":0,"filesUpdated":0,"matched":0,"total":0,"unchecked":0,"uncheckedKeysByFile":[],"unmatched":0,"updated":0,"didUpdate":false},"startTime":1778606905333,"success":true,"testResults":[{"assertionResults":[{"ancestorTitles":["features/ai/conversations"],"fullName":"features/ai/conversations keeps one default conversation per inquiry or quote entity","status":"passed","title":"keeps one default conversation per inquiry or quote entity","duration":1348.6124999999993,"failureMessages":[],"meta":{},"tags":[]},{"ancestorTitles":["features/ai/conversations"],"fullName":"features/ai/conversations allows multiple dashboard conversations and opens the most recent one","status":"passed","title":"allows multiple dashboard conversations and opens the most recent one","duration":1810.774699999999,"failureMessages":[],"meta":{},"tags":[]},{"ancestorTitles":["features/ai/conversations"],"fullName":"features/ai/conversations returns latest messages first chronologically and paginates older messages by cursor","status":"passed","title":"returns latest messages first chronologically and paginates older messages by cursor","duration":2508.8091999999997,"failureMessages":[],"meta":{},"tags":[]},{"ancestorTitles":["features/ai/conversations"],"fullName":"features/ai/conversations includes current business profile details in dashboard AI context","status":"passed","title":"includes current business profile details in dashboard AI context","duration":730.1544999999987,"failureMessages":[],"meta":{},"tags":[]}],"startTime":1778606911704,"endTime":1778606918103.1545,"status":"passed","message":"","name":"D:/Code/projects/requo/tests/integration/ai-conversations.test.ts"}]}