{"numTotalTestSuites":2,"numPassedTestSuites":2,"numFailedTestSuites":0,"numPendingTestSuites":0,"numTotalTests":3,"numPassedTests":3,"numFailedTests":0,"numPendingTests":0,"numTodoTests":0,"snapshot":{"added":0,"failure":false,"filesAdded":0,"filesRemoved":0,"filesRemovedList":[],"filesUnmatched":0,"filesUpdated":0,"matched":0,"total":0,"unchecked":0,"uncheckedKeysByFile":[],"unmatched":0,"updated":0,"didUpdate":false},"startTime":1780251643713,"success":true,"testResults":[{"assertionResults":[{"ancestorTitles":["useOptimisticMutation"],"fullName":"useOptimisticMutation applies optimistic state and schedules refresh on success","status":"passed","title":"applies optimistic state and schedules refresh on success","duration":53.833299999999326,"failureMessages":[],"meta":{},"tags":[]},{"ancestorTitles":["useOptimisticMutation"],"fullName":"useOptimisticMutation reverts optimistic state and shows an error toast on failure","status":"passed","title":"reverts optimistic state and shows an error toast on failure","duration":13.715500000000247,"failureMessages":[],"meta":{},"tags":[]},{"ancestorTitles":["useOptimisticMutation"],"fullName":"useOptimisticMutation reverts optimistic state when affected count is zero","status":"passed","title":"reverts optimistic state when affected count is zero","duration":12.897300000000541,"failureMessages":[],"meta":{},"tags":[]}],"startTime":1780251650008,"endTime":1780251650088.8972,"status":"passed","message":"","name":"D:/Code/projects/requo/tests/unit/use-optimistic-mutation.test.ts"}]}