{"numTotalTestSuites":34,"numPassedTestSuites":26,"numFailedTestSuites":8,"numPendingTestSuites":0,"numTotalTests":64,"numPassedTests":50,"numFailedTests":7,"numPendingTests":7,"numTodoTests":0,"snapshot":{"added":0,"failure":false,"filesAdded":0,"filesRemoved":0,"filesRemovedList":[],"filesUnmatched":0,"filesUpdated":0,"matched":0,"total":0,"unchecked":0,"uncheckedKeysByFile":[],"unmatched":0,"updated":0,"didUpdate":false},"startTime":1778850655880,"success":false,"testResults":[{"assertionResults":[{"ancestorTitles":["features/ai/conversations"],"fullName":"features/ai/conversations keeps one default conversation per inquiry or quote entity","status":"passed","title":"keeps one default conversation per inquiry or quote entity","duration":989.595800000001,"failureMessages":[],"meta":{},"tags":[]},{"ancestorTitles":["features/ai/conversations"],"fullName":"features/ai/conversations allows multiple dashboard conversations and opens the most recent one","status":"failed","title":"allows multiple dashboard conversations and opens the most recent one","duration":2178.2350000000006,"failureMessages":["AssertionError: expected [ Array(1) ] to deeply equal ArrayContaining{…}\n    at D:/Code/projects/requo/tests/integration/ai-conversations.test.ts:261:69\n    at processTicksAndRejections (node:internal/process/task_queues:103:5)\n    at file:///D:/Code/projects/requo/node_modules/@vitest/runner/dist/chunk-artifact.js:1903:20"],"meta":{},"tags":[]},{"ancestorTitles":["features/ai/conversations"],"fullName":"features/ai/conversations returns latest messages first chronologically and paginates older messages by cursor","status":"passed","title":"returns latest messages first chronologically and paginates older messages by cursor","duration":2507.179400000001,"failureMessages":[],"meta":{},"tags":[]},{"ancestorTitles":["features/ai/conversations"],"fullName":"features/ai/conversations includes current business profile details in dashboard AI context","status":"passed","title":"includes current business profile details in dashboard AI context","duration":1121.9560000000001,"failureMessages":[],"meta":{},"tags":[]}],"startTime":1778850664968,"endTime":1778850671765.956,"status":"failed","message":"","name":"D:/Code/projects/requo/tests/integration/ai-conversations.test.ts"},{"assertionResults":[{"ancestorTitles":["features/analytics/queries"],"fullName":"features/analytics/queries returns business analytics for the public inquiry funnel","status":"failed","title":"returns business analytics for the public inquiry funnel","duration":282.32910000000084,"failureMessages":["Error: Failed query: select count(distinct \"id\") filter (where \"sent_at\" is not null and \"sent_at\" >= $1), count(distinct \"id\") filter (where \"public_viewed_at\" is not null and \"public_viewed_at\" >= $2), count(distinct \"id\") filter (where \"status\" = 'accepted' and \"accepted_at\" is not null and \"accepted_at\" >= $3), count(distinct \"id\") filter (where \"status\" = 'rejected' and \"customer_responded_at\" is not null and \"customer_responded_at\" >= $4), avg(extract(epoch from (\"customer_responded_at\" - \"sent_at\")) / 3600) filter (where \"customer_responded_at\" is not null and \"sent_at\" is not null and \"customer_responded_at\" >= $5) from \"quotes\" where (\"quotes\".\"business_id\" = $6 and \"quotes\".\"deleted_at\" is null and (\"quotes\".\"created_at\" >= $7 or \"quotes\".\"sent_at\" >= $8 or \"quotes\".\"public_viewed_at\" >= $9 or \"quotes\".\"accepted_at\" >= $10 or \"quotes\".\"customer_responded_at\" >= $11))\nparams: 2026-04-15T13:11:04.780Z,2026-04-15T13:11:04.780Z,2026-04-15T13:11:04.780Z,2026-04-15T13:11:04.780Z,2026-04-15T13:11:04.780Z,test_analytics_business,2026-04-15T13:11:04.780Z,2026-04-15T13:11:04.780Z,2026-04-15T13:11:04.780Z,2026-04-15T13:11:04.780Z,2026-04-15T13:11:04.780Z\n    at NodePgPreparedQuery.queryWithCache (file:///D:/Code/projects/requo/node_modules/drizzle-orm/pg-core/session.js:41:15)\n    at processTicksAndRejections (node:internal/process/task_queues:103:5)\n    at file:///D:/Code/projects/requo/node_modules/drizzle-orm/node-postgres/session.js:117:22\n    at async Promise.all (index 2)\n    at Module.getBusinessAnalyticsData (D:/Code/projects/requo/features/analytics/queries.ts:352:5)\n    at D:/Code/projects/requo/tests/integration/analytics-queries.test.ts:497:18\n    at file:///D:/Code/projects/requo/node_modules/@vitest/runner/dist/chunk-artifact.js:1903:20"],"meta":{},"tags":[]},{"ancestorTitles":["features/analytics/queries"],"fullName":"features/analytics/queries returns conversion analytics with per-form performance","status":"failed","title":"returns conversion analytics with per-form performance","duration":264.35100000000057,"failureMessages":["Error: Failed query: select count(*) from (select \"quote_id\", \"visitor_hash\", min(\"occurred_at\") as \"occurred_at\" from \"analytics_events\" where (\"analytics_events\".\"business_id\" = $1 and \"analytics_events\".\"event_type\" = $2 and \"analytics_events\".\"quote_id\" is not null and \"analytics_events\".\"occurred_at\" >= $3) group by \"analytics_events\".\"quote_id\", \"analytics_events\".\"visitor_hash\", date_trunc('second', \"analytics_events\".\"occurred_at\")) \"deduped_quote_public_views\"\nparams: test_analytics_business,quote_public_viewed,2026-04-15T13:11:05.062Z\n    at NodePgPreparedQuery.queryWithCache (file:///D:/Code/projects/requo/node_modules/drizzle-orm/pg-core/session.js:41:15)\n    at processTicksAndRejections (node:internal/process/task_queues:103:5)\n    at file:///D:/Code/projects/requo/node_modules/drizzle-orm/node-postgres/session.js:117:22\n    at async Promise.all (index 1)\n    at Module.getConversionAnalyticsData (D:/Code/projects/requo/features/analytics/queries.ts:716:40)\n    at D:/Code/projects/requo/tests/integration/analytics-queries.test.ts:553:18\n    at file:///D:/Code/projects/requo/node_modules/@vitest/runner/dist/chunk-artifact.js:1903:20"],"meta":{},"tags":[]},{"ancestorTitles":["features/analytics/queries"],"fullName":"features/analytics/queries returns workflow metrics from activity and quote history","status":"failed","title":"returns workflow metrics from activity and quote history","duration":293.14979999999923,"failureMessages":["Error: Failed query: select count(*) filter (where \"sent_at\" is not null), count(*) filter (where \"public_viewed_at\" is not null), count(*) filter (where \"status\" = 'accepted'), count(*) filter (where \"status\" = 'rejected'), count(*) filter (where \"status\" = 'voided'), count(*) filter (where \"status\" = 'accepted' and \"completed_at\" is not null), count(*) filter (where \"status\" = 'accepted' and \"canceled_at\" is not null), count(*) filter (where \"status\" = 'accepted' and \"completed_at\" is null and \"canceled_at\" is null), avg(extract(epoch from (\"customer_responded_at\" - \"sent_at\")) / 3600) filter (where \"customer_responded_at\" is not null and \"sent_at\" is not null) from \"quotes\" where (\"quotes\".\"business_id\" = $1 and \"quotes\".\"deleted_at\" is null and \"quotes\".\"sent_at\" is not null and \"quotes\".\"sent_at\" >= $2)\nparams: test_analytics_business,2026-04-15T13:11:05.326Z\n    at NodePgPreparedQuery.queryWithCache (file:///D:/Code/projects/requo/node_modules/drizzle-orm/pg-core/session.js:41:15)\n    at processTicksAndRejections (node:internal/process/task_queues:103:5)\n    at file:///D:/Code/projects/requo/node_modules/drizzle-orm/node-postgres/session.js:117:22\n    at async Promise.all (index 1)\n    at Module.getWorkflowAnalyticsData (D:/Code/projects/requo/features/analytics/queries.ts:972:65)\n    at D:/Code/projects/requo/tests/integration/analytics-queries.test.ts:624:18\n    at file:///D:/Code/projects/requo/node_modules/@vitest/runner/dist/chunk-artifact.js:1903:20"],"meta":{},"tags":[]},{"ancestorTitles":["features/analytics/queries"],"fullName":"features/analytics/queries excludes deleted records from metrics while preserving voided quote lifecycle history","status":"failed","title":"excludes deleted records from metrics while preserving voided quote lifecycle history","duration":1422.138500000001,"failureMessages":["Error: Failed query: select count(distinct \"id\") filter (where \"sent_at\" is not null and \"sent_at\" >= $1), count(distinct \"id\") filter (where \"public_viewed_at\" is not null and \"public_viewed_at\" >= $2), count(distinct \"id\") filter (where \"status\" = 'accepted' and \"accepted_at\" is not null and \"accepted_at\" >= $3), count(distinct \"id\") filter (where \"status\" = 'rejected' and \"customer_responded_at\" is not null and \"customer_responded_at\" >= $4), avg(extract(epoch from (\"customer_responded_at\" - \"sent_at\")) / 3600) filter (where \"customer_responded_at\" is not null and \"sent_at\" is not null and \"customer_responded_at\" >= $5) from \"quotes\" where (\"quotes\".\"business_id\" = $6 and \"quotes\".\"deleted_at\" is null and (\"quotes\".\"created_at\" >= $7 or \"quotes\".\"sent_at\" >= $8 or \"quotes\".\"public_viewed_at\" >= $9 or \"quotes\".\"accepted_at\" >= $10 or \"quotes\".\"customer_responded_at\" >= $11))\nparams: 2026-04-15T13:11:05.898Z,2026-04-15T13:11:05.898Z,2026-04-15T13:11:05.898Z,2026-04-15T13:11:05.898Z,2026-04-15T13:11:05.898Z,test_analytics_business,2026-04-15T13:11:05.898Z,2026-04-15T13:11:05.898Z,2026-04-15T13:11:05.898Z,2026-04-15T13:11:05.898Z,2026-04-15T13:11:05.898Z\n    at NodePgPreparedQuery.queryWithCache (file:///D:/Code/projects/requo/node_modules/drizzle-orm/pg-core/session.js:41:15)\n    at processTicksAndRejections (node:internal/process/task_queues:103:5)\n    at file:///D:/Code/projects/requo/node_modules/drizzle-orm/node-postgres/session.js:117:22\n    at async Promise.all (index 2)\n    at Module.getBusinessAnalyticsData (D:/Code/projects/requo/features/analytics/queries.ts:352:5)\n    at D:/Code/projects/requo/tests/integration/analytics-queries.test.ts:709:33\n    at file:///D:/Code/projects/requo/node_modules/@vitest/runner/dist/chunk-artifact.js:1903:20"],"meta":{},"tags":[]}],"startTime":1778850664778,"endTime":1778850667040.1384,"status":"failed","message":"","name":"D:/Code/projects/requo/tests/integration/analytics-queries.test.ts"},{"assertionResults":[{"ancestorTitles":["features/audit/queries"],"fullName":"features/audit/queries returns owner-only business audit pages with filters applied","status":"passed","title":"returns owner-only business audit pages with filters applied","duration":2145.3144,"failureMessages":[],"meta":{},"tags":[]},{"ancestorTitles":["features/audit/queries"],"fullName":"features/audit/queries returns owner filter options and blocks non-owner access","status":"passed","title":"returns owner filter options and blocks non-owner access","duration":741.3271000000004,"failureMessages":[],"meta":{},"tags":[]},{"ancestorTitles":["features/audit/queries"],"fullName":"features/audit/queries returns owner-only audit export rows for all matching logs","status":"passed","title":"returns owner-only audit export rows for all matching logs","duration":688.2641999999996,"failureMessages":[],"meta":{},"tags":[]}],"startTime":1778850662427,"endTime":1778850666002.2642,"status":"passed","message":"","name":"D:/Code/projects/requo/tests/integration/audit-queries.test.ts"},{"assertionResults":[{"ancestorTitles":["business access control"],"fullName":"business access control allows staff-level business reads only for members of the requested business","status":"passed","title":"allows staff-level business reads only for members of the requested business","duration":438.6793999999991,"failureMessages":[],"meta":{},"tags":[]},{"ancestorTitles":["business access control"],"fullName":"business access control enforces business role thresholds for operational actions","status":"passed","title":"enforces business role thresholds for operational actions","duration":609.2507000000005,"failureMessages":[],"meta":{},"tags":[]},{"ancestorTitles":["business access control"],"fullName":"business access control blocks active-only actions for archived businesses","status":"passed","title":"blocks active-only actions for archived businesses","duration":565.2759000000005,"failureMessages":[],"meta":{},"tags":[]},{"ancestorTitles":["business access control"],"fullName":"business access control returns a typed lock reason for locked businesses","status":"passed","title":"returns a typed lock reason for locked businesses","duration":564.9061000000002,"failureMessages":[],"meta":{},"tags":[]},{"ancestorTitles":["business access control"],"fullName":"business access control scopes route-handler request context by the authenticated user's business membership","status":"passed","title":"scopes route-handler request context by the authenticated user's business membership","duration":451.02560000000085,"failureMessages":[],"meta":{},"tags":[]},{"ancestorTitles":["business access control"],"fullName":"business access control resolves the active business cookie through the same active membership rules","status":"passed","title":"resolves the active business cookie through the same active membership rules","duration":294.28189999999995,"failureMessages":[],"meta":{},"tags":[]},{"ancestorTitles":["business access control"],"fullName":"business access control uses the authoritative subscription row when cached business plan lags","status":"passed","title":"uses the authoritative subscription row when cached business plan lags","duration":1444.1657999999989,"failureMessages":[],"meta":{},"tags":[]}],"startTime":1778850664924,"endTime":1778850669293.1658,"status":"passed","message":"","name":"D:/Code/projects/requo/tests/integration/business-access.test.ts"},{"assertionResults":[{"ancestorTitles":["business plan enforcement"],"fullName":"business plan enforcement locks extra active businesses on free downgrade while keeping selected business active","status":"passed","title":"locks extra active businesses on free downgrade while keeping selected business active","duration":1271.7907999999989,"failureMessages":[],"meta":{},"tags":[]},{"ancestorTitles":["business plan enforcement"],"fullName":"business plan enforcement defaults to the most recently opened business when no keep selection is provided","status":"passed","title":"defaults to the most recently opened business when no keep selection is provided","duration":1565.1148999999987,"failureMessages":[],"meta":{},"tags":[]}],"startTime":1778850665129,"endTime":1778850667966.115,"status":"passed","message":"","name":"D:/Code/projects/requo/tests/integration/business-plan-enforcement.test.ts"},{"assertionResults":[{"ancestorTitles":["global business quota enforcement"],"fullName":"global business quota enforcement counts owned businesses across all non-deleted businesses","status":"passed","title":"counts owned businesses across all non-deleted businesses","duration":4385.8009,"failureMessages":[],"meta":{},"tags":[]},{"ancestorTitles":["global business quota enforcement"],"fullName":"global business quota enforcement blocks free users after one total business","status":"passed","title":"blocks free users after one total business","duration":2026.4123999999993,"failureMessages":[],"meta":{},"tags":[]},{"ancestorTitles":["global business quota enforcement"],"fullName":"global business quota enforcement allows business plan users with any owned business count","status":"passed","title":"allows business plan users with any owned business count","duration":2840.9349999999995,"failureMessages":[],"meta":{},"tags":[]},{"ancestorTitles":["global business quota enforcement"],"fullName":"global business quota enforcement serializes concurrent free business creation for the same owner","status":"passed","title":"serializes concurrent free business creation for the same owner","duration":2624.8307999999997,"failureMessages":[],"meta":{},"tags":[]}],"startTime":1778850659871,"endTime":1778850671749.8308,"status":"passed","message":"","name":"D:/Code/projects/requo/tests/integration/business-quota.test.ts"},{"assertionResults":[{"ancestorTitles":["sendEmailWithFallback"],"fullName":"sendEmailWithFallback sends only through Resend when Resend accepts the email","status":"passed","title":"sends only through Resend when Resend accepts the email","duration":1665.7909999999997,"failureMessages":[],"meta":{},"tags":[]},{"ancestorTitles":["sendEmailWithFallback"],"fullName":"sendEmailWithFallback falls back to Mailtrap for a retryable Resend rate limit","status":"passed","title":"falls back to Mailtrap for a retryable Resend rate limit","duration":1877.8820999999998,"failureMessages":[],"meta":{},"tags":[]},{"ancestorTitles":["sendEmailWithFallback"],"fullName":"sendEmailWithFallback falls back to Brevo when Resend and Mailtrap fail retryably","status":"passed","title":"falls back to Brevo when Resend and Mailtrap fail retryably","duration":1493.5891000000001,"failureMessages":[],"meta":{},"tags":[]},{"ancestorTitles":["sendEmailWithFallback"],"fullName":"sendEmailWithFallback does not fallback for non-retryable provider validation errors","status":"passed","title":"does not fallback for non-retryable provider validation errors","duration":662.3035,"failureMessages":[],"meta":{},"tags":[]},{"ancestorTitles":["sendEmailWithFallback"],"fullName":"sendEmailWithFallback returns an existing sent result without sending a duplicate","status":"passed","title":"returns an existing sent result without sending a duplicate","duration":898.9048000000003,"failureMessages":[],"meta":{},"tags":[]},{"ancestorTitles":["sendEmailWithFallback"],"fullName":"sendEmailWithFallback records attempts and updates the outbox status","status":"passed","title":"records attempts and updates the outbox status","duration":1200.6173,"failureMessages":[],"meta":{},"tags":[]},{"ancestorTitles":["sendEmailWithFallback"],"fullName":"sendEmailWithFallback marks ambiguous timeout failures as unknown without fallback","status":"passed","title":"marks ambiguous timeout failures as unknown without fallback","duration":764.3504000000012,"failureMessages":[],"meta":{},"tags":[]}],"startTime":1778850660042,"endTime":1778850668605.3503,"status":"passed","message":"","name":"D:/Code/projects/requo/tests/integration/email-send-fallback.test.ts"},{"assertionResults":[{"ancestorTitles":["features/follow-ups/mutations"],"fullName":"features/follow-ups/mutations creates an inquiry follow-up without changing the inquiry","status":"passed","title":"creates an inquiry follow-up without changing the inquiry","duration":1555.8367000000017,"failureMessages":[],"meta":{},"tags":[]},{"ancestorTitles":["features/follow-ups/mutations"],"fullName":"features/follow-ups/mutations creates a quote follow-up and links the quote's inquiry for history","status":"passed","title":"creates a quote follow-up and links the quote's inquiry for history","duration":1524.9033,"failureMessages":[],"meta":{},"tags":[]},{"ancestorTitles":["features/follow-ups/mutations"],"fullName":"features/follow-ups/mutations completes, reschedules, and skips only pending follow-ups","status":"passed","title":"completes, reschedules, and skips only pending follow-ups","duration":6095.8379,"failureMessages":[],"meta":{},"tags":[]},{"ancestorTitles":["features/follow-ups/mutations"],"fullName":"features/follow-ups/mutations does not create follow-ups for records outside the scoped business","status":"passed","title":"does not create follow-ups for records outside the scoped business","duration":655.7491000000009,"failureMessages":[],"meta":{},"tags":[]}],"startTime":1778850664989,"endTime":1778850674822.749,"status":"passed","message":"","name":"D:/Code/projects/requo/tests/integration/follow-up-mutations.test.ts"},{"assertionResults":[{"ancestorTitles":["features/inquiries/actions","request lifecycle actions"],"fullName":"features/inquiries/actions request lifecycle actions creates a manual request and redirects to the new request detail page","status":"skipped","title":"creates a manual request and redirects to the new request detail page","failureMessages":[],"meta":{},"tags":[]},{"ancestorTitles":["features/inquiries/actions","request lifecycle actions"],"fullName":"features/inquiries/actions request lifecycle actions updates inquiry status successfully","status":"skipped","title":"updates inquiry status successfully","failureMessages":[],"meta":{},"tags":[]},{"ancestorTitles":["features/inquiries/actions","request lifecycle actions"],"fullName":"features/inquiries/actions request lifecycle actions archives a request and blocks workflow changes until it is restored","status":"skipped","title":"archives a request and blocks workflow changes until it is restored","failureMessages":[],"meta":{},"tags":[]},{"ancestorTitles":["features/inquiries/actions","hasFeatureAccess branding checks"],"fullName":"features/inquiries/actions hasFeatureAccess branding checks free plan does not have branding access","status":"skipped","title":"free plan does not have branding access","failureMessages":[],"meta":{},"tags":[]},{"ancestorTitles":["features/inquiries/actions","hasFeatureAccess branding checks"],"fullName":"features/inquiries/actions hasFeatureAccess branding checks pro plan has branding access","status":"skipped","title":"pro plan has branding access","failureMessages":[],"meta":{},"tags":[]},{"ancestorTitles":["features/inquiries/actions","hasFeatureAccess branding checks"],"fullName":"features/inquiries/actions hasFeatureAccess branding checks business plan has branding access","status":"skipped","title":"business plan has branding access","failureMessages":[],"meta":{},"tags":[]}],"startTime":1778850655880,"endTime":1778850655880,"status":"failed","message":"","name":"D:/Code/projects/requo/tests/integration/inquiry-actions.test.ts"},{"assertionResults":[{"ancestorTitles":["features/inquiries public and manual submissions"],"fullName":"features/inquiries public and manual submissions creates public inquiries with field snapshots, activity, and owner notification","status":"passed","title":"creates public inquiries with field snapshots, activity, and owner notification","duration":6720.6939999999995,"failureMessages":[],"meta":{},"tags":[]},{"ancestorTitles":["features/inquiries public and manual submissions"],"fullName":"features/inquiries public and manual submissions creates manual inquiries as dashboard activity without public notifications","status":"passed","title":"creates manual inquiries as dashboard activity without public notifications","duration":4233.682299999999,"failureMessages":[],"meta":{},"tags":[]},{"ancestorTitles":["features/inquiries public and manual submissions"],"fullName":"features/inquiries public and manual submissions does not expose archived businesses for public inquiry intake","status":"passed","title":"does not expose archived businesses for public inquiry intake","duration":3028.414700000001,"failureMessages":[],"meta":{},"tags":[]},{"ancestorTitles":["features/inquiries public and manual submissions"],"fullName":"features/inquiries public and manual submissions keeps inquiry notes scoped to the owning business","status":"passed","title":"keeps inquiry notes scoped to the owning business","duration":4690.1944,"failureMessages":[],"meta":{},"tags":[]}],"startTime":1778850659824,"endTime":1778850678498.1943,"status":"passed","message":"","name":"D:/Code/projects/requo/tests/integration/inquiry-submissions.test.ts"},{"assertionResults":[{"ancestorTitles":["public analytics route"],"fullName":"public analytics route rejects malformed events before touching analytics storage","status":"passed","title":"rejects malformed events before touching analytics storage","duration":6991.1681,"failureMessages":[],"meta":{},"tags":[]},{"ancestorTitles":["public analytics route"],"fullName":"public analytics route records public quote views once per visitor window and marks the quote viewed","status":"passed","title":"records public quote views once per visitor window and marks the quote viewed","duration":6639.456900000001,"failureMessages":[],"meta":{},"tags":[]},{"ancestorTitles":["public analytics route"],"fullName":"public analytics route does not track draft quotes or mark them as publicly viewed","status":"passed","title":"does not track draft quotes or mark them as publicly viewed","duration":5825.6963,"failureMessages":[],"meta":{},"tags":[]}],"startTime":1778850661573,"endTime":1778850681029.6963,"status":"passed","message":"","name":"D:/Code/projects/requo/tests/integration/public-analytics-route.test.ts"},{"assertionResults":[{"ancestorTitles":["quote actions"],"fullName":"quote actions sends a draft quote with Requo when delivery is allowed","status":"passed","title":"sends a draft quote with Requo when delivery is allowed","duration":47.99480000000017,"failureMessages":[],"meta":{},"tags":[]},{"ancestorTitles":["quote actions"],"fullName":"quote actions returns a clear limit error when the free-plan daily Requo send cap is reached","status":"failed","title":"returns a clear limit error when the free-plan daily Requo send cap is reached","duration":11.787700000000086,"failureMessages":["AssertionError: expected { Object (error) } to deeply equal { Object (error) }\n    at D:/Code/projects/requo/tests/integration/quote-actions.test.ts:226:20\n    at processTicksAndRejections (node:internal/process/task_queues:103:5)\n    at file:///D:/Code/projects/requo/node_modules/@vitest/runner/dist/chunk-artifact.js:1903:20"],"meta":{},"tags":[]},{"ancestorTitles":["quote actions"],"fullName":"quote actions marks a draft quote sent without using Requo when manual delivery is chosen","status":"passed","title":"marks a draft quote sent without using Requo when manual delivery is chosen","duration":2.1748999999999796,"failureMessages":[],"meta":{},"tags":[]},{"ancestorTitles":["quote actions"],"fullName":"quote actions returns a clear error when the customer quote link cannot be recovered","status":"passed","title":"returns a clear error when the customer quote link cannot be recovered","duration":1.8432999999999993,"failureMessages":[],"meta":{},"tags":[]},{"ancestorTitles":["quote actions"],"fullName":"quote actions rejects public quote responses when the public rate limit is exceeded","status":"passed","title":"rejects public quote responses when the public rate limit is exceeded","duration":3.2111999999999625,"failureMessages":[],"meta":{},"tags":[]},{"ancestorTitles":["quote actions"],"fullName":"quote actions records an accepted public quote response and revalidates the affected cache tags","status":"passed","title":"records an accepted public quote response and revalidates the affected cache tags","duration":3.411100000000033,"failureMessages":[],"meta":{},"tags":[]},{"ancestorTitles":["quote actions"],"fullName":"quote actions sends the owner notification after a saved response when notifications are enabled","status":"failed","title":"sends the owner notification after a saved response when notifications are enabled","duration":3.164500000000089,"failureMessages":["AssertionError: expected \"vi.fn()\" to be called with arguments: [ 'business_123' ]\n\nNumber of calls: 0\n\n    at Proxy.<anonymous> (file:///D:/Code/projects/requo/node_modules/@vitest/expect/dist/index.js:1487:10)\n    at Proxy.<anonymous> (file:///D:/Code/projects/requo/node_modules/@vitest/expect/dist/index.js:1156:15)\n    at Proxy.methodWrapper (file:///D:/Code/projects/requo/node_modules/chai/index.js:1700:25)\n    at D:/Code/projects/requo/tests/integration/quote-actions.test.ts:366:40\n    at processTicksAndRejections (node:internal/process/task_queues:103:5)\n    at file:///D:/Code/projects/requo/node_modules/@vitest/runner/dist/chunk-artifact.js:1903:20"],"meta":{},"tags":[]},{"ancestorTitles":["quote actions"],"fullName":"quote actions returns a clear message when a public quote has been voided","status":"passed","title":"returns a clear message when a public quote has been voided","duration":0.9611999999999625,"failureMessages":[],"meta":{},"tags":[]}],"startTime":1778850657758,"endTime":1778850657832.9612,"status":"failed","message":"","name":"D:/Code/projects/requo/tests/integration/quote-actions.test.ts"},{"assertionResults":[{"ancestorTitles":["features/quotes/mutations workflow"],"fullName":"features/quotes/mutations workflow creates draft quotes with calculated totals and blocks cross-business inquiry links","status":"passed","title":"creates draft quotes with calculated totals and blocks cross-business inquiry links","duration":7438.594500000001,"failureMessages":[],"meta":{},"tags":[]},{"ancestorTitles":["features/quotes/mutations workflow"],"fullName":"features/quotes/mutations workflow marks draft quotes sent once and advances active linked inquiries to quoted","status":"passed","title":"marks draft quotes sent once and advances active linked inquiries to quoted","duration":6440.7039,"failureMessages":[],"meta":{},"tags":[]},{"ancestorTitles":["features/quotes/mutations workflow"],"fullName":"features/quotes/mutations workflow accepts only sent public quotes and moves the linked inquiry to won","status":"passed","title":"accepts only sent public quotes and moves the linked inquiry to won","duration":8560.817500000001,"failureMessages":[],"meta":{},"tags":[]},{"ancestorTitles":["features/quotes/mutations workflow"],"fullName":"features/quotes/mutations workflow updates post-acceptance status only after the customer accepts","status":"passed","title":"updates post-acceptance status only after the customer accepts","duration":8456.395199999995,"failureMessages":[],"meta":{},"tags":[]}],"startTime":1778850659663,"endTime":1778850690560.3953,"status":"passed","message":"","name":"D:/Code/projects/requo/tests/integration/quote-mutations.test.ts"},{"assertionResults":[{"ancestorTitles":["recently opened businesses"],"fullName":"recently opened businesses returns server-saved businesses in most-recent order for the account","status":"passed","title":"returns server-saved businesses in most-recent order for the account","duration":3272.5442999999996,"failureMessages":[],"meta":{},"tags":[]},{"ancestorTitles":["recently opened businesses"],"fullName":"recently opened businesses records opens through the authenticated server action only for accessible businesses","status":"passed","title":"records opens through the authenticated server action only for accessible businesses","duration":2187.2923999999985,"failureMessages":[],"meta":{},"tags":[]}],"startTime":1778850666488,"endTime":1778850671948.2925,"status":"passed","message":"","name":"D:/Code/projects/requo/tests/integration/recently-opened-businesses.test.ts"},{"assertionResults":[{"ancestorTitles":["security authorization boundaries"],"fullName":"security authorization boundaries scopes overview reads to business membership","status":"skipped","title":"scopes overview reads to business membership","failureMessages":[],"meta":{},"tags":[]}],"startTime":1778850655880,"endTime":1778850655880,"status":"passed","message":"","name":"D:/Code/projects/requo/tests/integration/security-authorization.test.ts"},{"assertionResults":[{"ancestorTitles":["integration residue check"],"fullName":"integration residue check leaves no rows behind for any known test-file prefix","status":"passed","title":"leaves no rows behind for any known test-file prefix","duration":43681.578,"failureMessages":[],"meta":{},"tags":[]}],"startTime":1778850659111,"endTime":1778850702792.578,"status":"passed","message":"","name":"D:/Code/projects/requo/tests/integration/zzz-residue.test.ts"}]}