{"numTotalTestSuites":199,"numPassedTestSuites":195,"numFailedTestSuites":4,"numPendingTestSuites":0,"numTotalTests":426,"numPassedTests":424,"numFailedTests":2,"numPendingTests":0,"numTodoTests":0,"snapshot":{"added":0,"failure":false,"filesAdded":0,"filesRemoved":0,"filesRemovedList":[],"filesUnmatched":0,"filesUpdated":0,"matched":0,"total":0,"unchecked":0,"uncheckedKeysByFile":[],"unmatched":0,"updated":0,"didUpdate":false},"startTime":1787036732729,"success":false,"testResults":[{"assertionResults":[{"ancestorTitles":["generateCacheKey"],"fullName":"generateCacheKey produces a 64-character hex string (SHA-256)","status":"passed","title":"produces a 64-character hex string (SHA-256)","duration":4.509200000000419,"failureMessages":[],"meta":{},"tags":[]},{"ancestorTitles":["generateCacheKey"],"fullName":"generateCacheKey is deterministic — same components produce the same key","status":"passed","title":"is deterministic — same components produce the same key","duration":0.6650999999983469,"failureMessages":[],"meta":{},"tags":[]},{"ancestorTitles":["generateCacheKey"],"fullName":"generateCacheKey produces different keys when businessId differs","status":"passed","title":"produces different keys when businessId differs","duration":1.4101000000009662,"failureMessages":[],"meta":{},"tags":[]},{"ancestorTitles":["generateCacheKey"],"fullName":"generateCacheKey produces different keys when userId differs","status":"passed","title":"produces different keys when userId differs","duration":0.6835999999966589,"failureMessages":[],"meta":{},"tags":[]},{"ancestorTitles":["generateCacheKey"],"fullName":"generateCacheKey produces different keys when taskType differs","status":"passed","title":"produces different keys when taskType differs","duration":1.8779999999969732,"failureMessages":[],"meta":{},"tags":[]},{"ancestorTitles":["generateCacheKey"],"fullName":"generateCacheKey produces different keys when promptVersion differs","status":"passed","title":"produces different keys when promptVersion differs","duration":0.9990000000034343,"failureMessages":[],"meta":{},"tags":[]},{"ancestorTitles":["generateCacheKey"],"fullName":"generateCacheKey produces different keys when modelTier differs","status":"passed","title":"produces different keys when modelTier differs","duration":0.9346000000005006,"failureMessages":[],"meta":{},"tags":[]},{"ancestorTitles":["generateCacheKey"],"fullName":"generateCacheKey produces different keys when sourceDataVersions differ","status":"passed","title":"produces different keys when sourceDataVersions differ","duration":1.0267999999996391,"failureMessages":[],"meta":{},"tags":[]},{"ancestorTitles":["generateCacheKey"],"fullName":"generateCacheKey uses NULL_SENTINEL for null sourceDataVersions values","status":"passed","title":"uses NULL_SENTINEL for null sourceDataVersions values","duration":1.0706000000063796,"failureMessages":[],"meta":{},"tags":[]},{"ancestorTitles":["generateCacheKey"],"fullName":"generateCacheKey is order-independent for sourceDataVersions keys","status":"passed","title":"is order-independent for sourceDataVersions keys","duration":0.7989000000015949,"failureMessages":[],"meta":{},"tags":[]},{"ancestorTitles":["getCachedOutput and setCachedOutput"],"fullName":"getCachedOutput and setCachedOutput returns null for a cache miss","status":"passed","title":"returns null for a cache miss","duration":4.187799999999697,"failureMessages":[],"meta":{},"tags":[]},{"ancestorTitles":["getCachedOutput and setCachedOutput"],"fullName":"getCachedOutput and setCachedOutput returns cached output within TTL","status":"passed","title":"returns cached output within TTL","duration":1.1935000000012224,"failureMessages":[],"meta":{},"tags":[]},{"ancestorTitles":["getCachedOutput and setCachedOutput"],"fullName":"getCachedOutput and setCachedOutput returns null after TTL expires","status":"passed","title":"returns null after TTL expires","duration":1.2875000000058208,"failureMessages":[],"meta":{},"tags":[]},{"ancestorTitles":["getCachedOutput and setCachedOutput"],"fullName":"getCachedOutput and setCachedOutput returns output just before TTL expires","status":"passed","title":"returns output just before TTL expires","duration":0.7557999999989988,"failureMessages":[],"meta":{},"tags":[]},{"ancestorTitles":["getCachedOutput and setCachedOutput"],"fullName":"getCachedOutput and setCachedOutput stores multiple entries independently","status":"passed","title":"stores multiple entries independently","duration":0.8961999999955879,"failureMessages":[],"meta":{},"tags":[]},{"ancestorTitles":["getCachedOutput and setCachedOutput"],"fullName":"getCachedOutput and setCachedOutput overwrites existing entry with same key","status":"passed","title":"overwrites existing entry with same key","duration":1.3302000000039698,"failureMessages":[],"meta":{},"tags":[]},{"ancestorTitles":["getCachedOutput and setCachedOutput"],"fullName":"getCachedOutput and setCachedOutput handles write without throwing","status":"passed","title":"handles write without throwing","duration":2.4971000000005006,"failureMessages":[],"meta":{},"tags":[]},{"ancestorTitles":["NULL_SENTINEL"],"fullName":"NULL_SENTINEL is the string __null__","status":"passed","title":"is the string __null__","duration":0.32190000000264263,"failureMessages":[],"meta":{},"tags":[]},{"ancestorTitles":["cache key scoping"],"fullName":"cache key scoping BUSINESS_SCOPED_TASKS is empty (no remaining business-scoped tasks)","status":"passed","title":"BUSINESS_SCOPED_TASKS is empty (no remaining business-scoped tasks)","duration":0.2485999999989872,"failureMessages":[],"meta":{},"tags":[]},{"ancestorTitles":["cache key scoping"],"fullName":"cache key scoping produces different keys for different userIds on quote_draft","status":"passed","title":"produces different keys for different userIds on quote_draft","duration":0.47719999999389984,"failureMessages":[],"meta":{},"tags":[]},{"ancestorTitles":["cache key scoping"],"fullName":"cache key scoping still differentiates by businessId","status":"passed","title":"still differentiates by businessId","duration":0.5653000000020256,"failureMessages":[],"meta":{},"tags":[]},{"ancestorTitles":["cache key scoping"],"fullName":"cache key scoping uses ai: prefix for quote_draft keys in getCachedOutput/setCachedOutput","status":"passed","title":"uses ai: prefix for quote_draft keys in getCachedOutput/setCachedOutput","duration":0.3973000000041793,"failureMessages":[],"meta":{},"tags":[]},{"ancestorTitles":["cache key scoping"],"fullName":"cache key scoping different users do NOT share cached output for quote_draft","status":"passed","title":"different users do NOT share cached output for quote_draft","duration":0.399199999999837,"failureMessages":[],"meta":{},"tags":[]}],"startTime":1787036771239,"endTime":1787036771268.3992,"status":"passed","message":"","name":"C:/Code/Projects/requo/tests/unit/ai-cache.test.ts"},{"assertionResults":[{"ancestorTitles":["sanitizeAiInput","clean inputs"],"fullName":"sanitizeAiInput clean inputs returns clean for normal text","status":"passed","title":"returns clean for normal text","duration":9.918899999996938,"failureMessages":[],"meta":{},"tags":[]},{"ancestorTitles":["sanitizeAiInput","clean inputs"],"fullName":"sanitizeAiInput clean inputs returns clean for empty string","status":"passed","title":"returns clean for empty string","duration":0.8338000000003376,"failureMessages":[],"meta":{},"tags":[]},{"ancestorTitles":["sanitizeAiInput","clean inputs"],"fullName":"sanitizeAiInput clean inputs handles null-like input gracefully","status":"passed","title":"handles null-like input gracefully","duration":0.6696000000010827,"failureMessages":[],"meta":{},"tags":[]},{"ancestorTitles":["sanitizeAiInput","rejected inputs - instruction override"],"fullName":"sanitizeAiInput rejected inputs - instruction override rejects 'ignore previous instructions'","status":"passed","title":"rejects 'ignore previous instructions'","duration":3.908400000000256,"failureMessages":[],"meta":{},"tags":[]},{"ancestorTitles":["sanitizeAiInput","rejected inputs - instruction override"],"fullName":"sanitizeAiInput rejected inputs - instruction override rejects with case variations","status":"passed","title":"rejects with case variations","duration":0.886899999997695,"failureMessages":[],"meta":{},"tags":[]},{"ancestorTitles":["sanitizeAiInput","rejected inputs - instruction override"],"fullName":"sanitizeAiInput rejected inputs - instruction override rejects with extra whitespace","status":"passed","title":"rejects with extra whitespace","duration":0.775500000003376,"failureMessages":[],"meta":{},"tags":[]},{"ancestorTitles":["sanitizeAiInput","rejected inputs - instruction override"],"fullName":"sanitizeAiInput rejected inputs - instruction override rejects 'ignore all prior prompts'","status":"passed","title":"rejects 'ignore all prior prompts'","duration":0.7956999999951222,"failureMessages":[],"meta":{},"tags":[]},{"ancestorTitles":["sanitizeAiInput","rejected inputs - instruction override"],"fullName":"sanitizeAiInput rejected inputs - instruction override rejects 'disregard previous instructions'","status":"passed","title":"rejects 'disregard previous instructions'","duration":0.8433999999979278,"failureMessages":[],"meta":{},"tags":[]},{"ancestorTitles":["sanitizeAiInput","rejected inputs - instruction override"],"fullName":"sanitizeAiInput rejected inputs - instruction override rejects 'forget all earlier rules'","status":"passed","title":"rejects 'forget all earlier rules'","duration":1.0744999999951688,"failureMessages":[],"meta":{},"tags":[]},{"ancestorTitles":["sanitizeAiInput","rejected inputs - role switching"],"fullName":"sanitizeAiInput rejected inputs - role switching rejects 'you are now a'","status":"passed","title":"rejects 'you are now a'","duration":0.9254999999975553,"failureMessages":[],"meta":{},"tags":[]},{"ancestorTitles":["sanitizeAiInput","rejected inputs - role switching"],"fullName":"sanitizeAiInput rejected inputs - role switching rejects 'act as a'","status":"passed","title":"rejects 'act as a'","duration":0.6587999999974272,"failureMessages":[],"meta":{},"tags":[]},{"ancestorTitles":["sanitizeAiInput","rejected inputs - role switching"],"fullName":"sanitizeAiInput rejected inputs - role switching rejects 'pretend you are'","status":"passed","title":"rejects 'pretend you are'","duration":0.6160999999992782,"failureMessages":[],"meta":{},"tags":[]},{"ancestorTitles":["sanitizeAiInput","rejected inputs - role switching"],"fullName":"sanitizeAiInput rejected inputs - role switching rejects 'from now on you are'","status":"passed","title":"rejects 'from now on you are'","duration":0.6304000000018277,"failureMessages":[],"meta":{},"tags":[]},{"ancestorTitles":["sanitizeAiInput","rejected inputs - role switching"],"fullName":"sanitizeAiInput rejected inputs - role switching rejects 'switch to DAN mode'","status":"passed","title":"rejects 'switch to DAN mode'","duration":0.47810000000026776,"failureMessages":[],"meta":{},"tags":[]},{"ancestorTitles":["sanitizeAiInput","rejected inputs - prompt extraction"],"fullName":"sanitizeAiInput rejected inputs - prompt extraction rejects 'reveal your system prompt'","status":"passed","title":"rejects 'reveal your system prompt'","duration":0.5421999999962281,"failureMessages":[],"meta":{},"tags":[]},{"ancestorTitles":["sanitizeAiInput","rejected inputs - prompt extraction"],"fullName":"sanitizeAiInput rejected inputs - prompt extraction rejects 'what are your instructions'","status":"passed","title":"rejects 'what are your instructions'","duration":0.5172999999995227,"failureMessages":[],"meta":{},"tags":[]},{"ancestorTitles":["sanitizeAiInput","rejected inputs - prompt extraction"],"fullName":"sanitizeAiInput rejected inputs - prompt extraction rejects 'show your system prompt'","status":"passed","title":"rejects 'show your system prompt'","duration":0.5612999999939348,"failureMessages":[],"meta":{},"tags":[]},{"ancestorTitles":["sanitizeAiInput","rejected inputs - system prompt injection"],"fullName":"sanitizeAiInput rejected inputs - system prompt injection rejects 'system prompt:' injection","status":"passed","title":"rejects 'system prompt:' injection","duration":0.6165000000037253,"failureMessages":[],"meta":{},"tags":[]},{"ancestorTitles":["sanitizeAiInput","rejected inputs - system prompt injection"],"fullName":"sanitizeAiInput rejected inputs - system prompt injection rejects '[system]' delimiter","status":"passed","title":"rejects '[system]' delimiter","duration":0.5495000000009895,"failureMessages":[],"meta":{},"tags":[]},{"ancestorTitles":["sanitizeAiInput","rejected inputs - delimiter injection"],"fullName":"sanitizeAiInput rejected inputs - delimiter injection rejects XML-style <system> tags","status":"passed","title":"rejects XML-style <system> tags","duration":0.9225000000005821,"failureMessages":[],"meta":{},"tags":[]},{"ancestorTitles":["sanitizeAiInput","rejected inputs - delimiter injection"],"fullName":"sanitizeAiInput rejected inputs - delimiter injection rejects <instruction> tags","status":"passed","title":"rejects <instruction> tags","duration":0.6239999999961583,"failureMessages":[],"meta":{},"tags":[]},{"ancestorTitles":["sanitizeAiInput","rejected inputs - delimiter injection"],"fullName":"sanitizeAiInput rejected inputs - delimiter injection rejects <admin> tags","status":"passed","title":"rejects <admin> tags","duration":0.5757999999987078,"failureMessages":[],"meta":{},"tags":[]},{"ancestorTitles":["sanitizeAiInput","rejected inputs - encoded variants"],"fullName":"sanitizeAiInput rejected inputs - encoded variants rejects base64-encoded 'ignore'","status":"passed","title":"rejects base64-encoded 'ignore'","duration":0.620600000002014,"failureMessages":[],"meta":{},"tags":[]},{"ancestorTitles":["sanitizeAiInput","rejected inputs - encoded variants"],"fullName":"sanitizeAiInput rejected inputs - encoded variants rejects URL-encoded 'ignore'","status":"passed","title":"rejects URL-encoded 'ignore'","duration":0.6327000000019325,"failureMessages":[],"meta":{},"tags":[]},{"ancestorTitles":["sanitizeAiInput","sanitized inputs"],"fullName":"sanitizeAiInput sanitized inputs removes code block injection and returns sanitized","status":"passed","title":"removes code block injection and returns sanitized","duration":1.6480999999985215,"failureMessages":[],"meta":{},"tags":[]},{"ancestorTitles":["sanitizeAiInput","sanitized inputs"],"fullName":"sanitizeAiInput sanitized inputs removes heading-based injection","status":"passed","title":"removes heading-based injection","duration":0.6551999999937834,"failureMessages":[],"meta":{},"tags":[]},{"ancestorTitles":["sanitizeAiInput","performance"],"fullName":"sanitizeAiInput performance processes input within 5ms","status":"passed","title":"processes input within 5ms","duration":1.538300000000163,"failureMessages":[],"meta":{},"tags":[]},{"ancestorTitles":["sanitizeAiInput","performance"],"fullName":"sanitizeAiInput performance processes 10,000 character Unicode input within 5ms","status":"passed","title":"processes 10,000 character Unicode input within 5ms","duration":4.732899999995425,"failureMessages":[],"meta":{},"tags":[]},{"ancestorTitles":["sanitizeAiInput","normalizeInput"],"fullName":"sanitizeAiInput normalizeInput strips zero-width space (U+200B)","status":"passed","title":"strips zero-width space (U+200B)","duration":0.4566000000049826,"failureMessages":[],"meta":{},"tags":[]},{"ancestorTitles":["sanitizeAiInput","normalizeInput"],"fullName":"sanitizeAiInput normalizeInput strips zero-width non-joiner (U+200C)","status":"passed","title":"strips zero-width non-joiner (U+200C)","duration":0.6388000000006286,"failureMessages":[],"meta":{},"tags":[]},{"ancestorTitles":["sanitizeAiInput","normalizeInput"],"fullName":"sanitizeAiInput normalizeInput strips zero-width joiner (U+200D)","status":"passed","title":"strips zero-width joiner (U+200D)","duration":0.563399999999092,"failureMessages":[],"meta":{},"tags":[]},{"ancestorTitles":["sanitizeAiInput","normalizeInput"],"fullName":"sanitizeAiInput normalizeInput strips byte order mark (U+FEFF)","status":"passed","title":"strips byte order mark (U+FEFF)","duration":0.36340000000200234,"failureMessages":[],"meta":{},"tags":[]},{"ancestorTitles":["sanitizeAiInput","normalizeInput"],"fullName":"sanitizeAiInput normalizeInput strips soft hyphen (U+00AD)","status":"passed","title":"strips soft hyphen (U+00AD)","duration":0.36929999999847496,"failureMessages":[],"meta":{},"tags":[]},{"ancestorTitles":["sanitizeAiInput","normalizeInput"],"fullName":"sanitizeAiInput normalizeInput strips multiple zero-width characters","status":"passed","title":"strips multiple zero-width characters","duration":0.4158000000024913,"failureMessages":[],"meta":{},"tags":[]},{"ancestorTitles":["sanitizeAiInput","normalizeInput"],"fullName":"sanitizeAiInput normalizeInput applies NFKC normalization","status":"passed","title":"applies NFKC normalization","duration":1.2453999999997905,"failureMessages":[],"meta":{},"tags":[]},{"ancestorTitles":["sanitizeAiInput","normalizeInput"],"fullName":"sanitizeAiInput normalizeInput returns unchanged input when no normalization needed","status":"passed","title":"returns unchanged input when no normalization needed","duration":0.42009999999572756,"failureMessages":[],"meta":{},"tags":[]},{"ancestorTitles":["sanitizeAiInput","Unicode normalization pipeline"],"fullName":"sanitizeAiInput Unicode normalization pipeline detects injection hidden with zero-width characters","status":"passed","title":"detects injection hidden with zero-width characters","duration":0.6365000000005239,"failureMessages":[],"meta":{},"tags":[]},{"ancestorTitles":["sanitizeAiInput","Unicode normalization pipeline"],"fullName":"sanitizeAiInput Unicode normalization pipeline detects injection hidden with soft hyphens","status":"passed","title":"detects injection hidden with soft hyphens","duration":0.6425000000017462,"failureMessages":[],"meta":{},"tags":[]},{"ancestorTitles":["sanitizeAiInput","Unicode normalization pipeline"],"fullName":"sanitizeAiInput Unicode normalization pipeline returns normalized output for clean inputs","status":"passed","title":"returns normalized output for clean inputs","duration":0.8279999999940628,"failureMessages":[],"meta":{},"tags":[]},{"ancestorTitles":["sanitizeAiInput","Unicode normalization pipeline"],"fullName":"sanitizeAiInput Unicode normalization pipeline pattern matches only on normalized form","status":"passed","title":"pattern matches only on normalized form","duration":0.48970000000554137,"failureMessages":[],"meta":{},"tags":[]},{"ancestorTitles":["sanitizeAiInput","multilingual injection detection","French patterns"],"fullName":"sanitizeAiInput multilingual injection detection French patterns rejects 'ignorez les instructions précédentes'","status":"passed","title":"rejects 'ignorez les instructions précédentes'","duration":0.6590999999971245,"failureMessages":[],"meta":{},"tags":[]},{"ancestorTitles":["sanitizeAiInput","multilingual injection detection","French patterns"],"fullName":"sanitizeAiInput multilingual injection detection French patterns rejects 'ignorer les instructions précédentes'","status":"passed","title":"rejects 'ignorer les instructions précédentes'","duration":0.6661999999996624,"failureMessages":[],"meta":{},"tags":[]},{"ancestorTitles":["sanitizeAiInput","multilingual injection detection","French patterns"],"fullName":"sanitizeAiInput multilingual injection detection French patterns rejects 'oubliez les instructions précédentes'","status":"passed","title":"rejects 'oubliez les instructions précédentes'","duration":0.540499999995518,"failureMessages":[],"meta":{},"tags":[]},{"ancestorTitles":["sanitizeAiInput","multilingual injection detection","French patterns"],"fullName":"sanitizeAiInput multilingual injection detection French patterns rejects French patterns with case variations","status":"passed","title":"rejects French patterns with case variations","duration":0.5199999999967986,"failureMessages":[],"meta":{},"tags":[]},{"ancestorTitles":["sanitizeAiInput","multilingual injection detection","French patterns"],"fullName":"sanitizeAiInput multilingual injection detection French patterns rejects French patterns with zero-width chars","status":"passed","title":"rejects French patterns with zero-width chars","duration":0.5349000000060187,"failureMessages":[],"meta":{},"tags":[]},{"ancestorTitles":["sanitizeAiInput","multilingual injection detection","Spanish patterns"],"fullName":"sanitizeAiInput multilingual injection detection Spanish patterns rejects 'ignora las instrucciones anteriores'","status":"passed","title":"rejects 'ignora las instrucciones anteriores'","duration":0.7911000000021886,"failureMessages":[],"meta":{},"tags":[]},{"ancestorTitles":["sanitizeAiInput","multilingual injection detection","Spanish patterns"],"fullName":"sanitizeAiInput multilingual injection detection Spanish patterns rejects 'ignorar las instrucciones anteriores'","status":"passed","title":"rejects 'ignorar las instrucciones anteriores'","duration":1.0522999999957392,"failureMessages":[],"meta":{},"tags":[]},{"ancestorTitles":["sanitizeAiInput","multilingual injection detection","Spanish patterns"],"fullName":"sanitizeAiInput multilingual injection detection Spanish patterns rejects 'olvida las instrucciones anteriores'","status":"passed","title":"rejects 'olvida las instrucciones anteriores'","duration":1.0155999999988126,"failureMessages":[],"meta":{},"tags":[]},{"ancestorTitles":["sanitizeAiInput","multilingual injection detection","Spanish patterns"],"fullName":"sanitizeAiInput multilingual injection detection Spanish patterns rejects Spanish patterns with case variations","status":"passed","title":"rejects Spanish patterns with case variations","duration":0.7108999999982188,"failureMessages":[],"meta":{},"tags":[]},{"ancestorTitles":["sanitizeAiInput","multilingual injection detection","German patterns"],"fullName":"sanitizeAiInput multilingual injection detection German patterns rejects 'ignoriere vorherige Anweisungen'","status":"passed","title":"rejects 'ignoriere vorherige Anweisungen'","duration":1.0300999999963096,"failureMessages":[],"meta":{},"tags":[]},{"ancestorTitles":["sanitizeAiInput","multilingual injection detection","German patterns"],"fullName":"sanitizeAiInput multilingual injection detection German patterns rejects 'ignorieren vorherige Anweisungen'","status":"passed","title":"rejects 'ignorieren vorherige Anweisungen'","duration":0.8358000000007451,"failureMessages":[],"meta":{},"tags":[]},{"ancestorTitles":["sanitizeAiInput","multilingual injection detection","German patterns"],"fullName":"sanitizeAiInput multilingual injection detection German patterns rejects 'vergiss vorherige Anweisungen'","status":"passed","title":"rejects 'vergiss vorherige Anweisungen'","duration":2.5515999999988708,"failureMessages":[],"meta":{},"tags":[]},{"ancestorTitles":["sanitizeAiInput","multilingual injection detection","German patterns"],"fullName":"sanitizeAiInput multilingual injection detection German patterns rejects 'ignoriere alle vorherigen Regeln'","status":"passed","title":"rejects 'ignoriere alle vorherigen Regeln'","duration":0.8389999999999418,"failureMessages":[],"meta":{},"tags":[]},{"ancestorTitles":["sanitizeAiInput","multilingual injection detection","German patterns"],"fullName":"sanitizeAiInput multilingual injection detection German patterns rejects German patterns with case variations","status":"passed","title":"rejects German patterns with case variations","duration":0.7868999999991502,"failureMessages":[],"meta":{},"tags":[]},{"ancestorTitles":["sanitizeAiInput","multilingual injection detection","German patterns"],"fullName":"sanitizeAiInput multilingual injection detection German patterns rejects German patterns with zero-width chars","status":"passed","title":"rejects German patterns with zero-width chars","duration":0.8158000000039465,"failureMessages":[],"meta":{},"tags":[]},{"ancestorTitles":["sanitizeAiInput","per-conversation injection lockout"],"fullName":"sanitizeAiInput per-conversation injection lockout returns locked when counter >= 3","status":"passed","title":"returns locked when counter >= 3","duration":2.413699999997334,"failureMessages":[],"meta":{},"tags":[]},{"ancestorTitles":["sanitizeAiInput","per-conversation injection lockout"],"fullName":"sanitizeAiInput per-conversation injection lockout increments counter on rejected input with conversationId","status":"passed","title":"increments counter on rejected input with conversationId","duration":2.272900000003574,"failureMessages":[],"meta":{},"tags":[]},{"ancestorTitles":["sanitizeAiInput","per-conversation injection lockout"],"fullName":"sanitizeAiInput per-conversation injection lockout increments counter on sanitized input with conversationId","status":"passed","title":"increments counter on sanitized input with conversationId","duration":1.1207999999969616,"failureMessages":[],"meta":{},"tags":[]},{"ancestorTitles":["sanitizeAiInput","per-conversation injection lockout"],"fullName":"sanitizeAiInput per-conversation injection lockout does not increment counter on clean input","status":"passed","title":"does not increment counter on clean input","duration":1.0879999999961,"failureMessages":[],"meta":{},"tags":[]},{"ancestorTitles":["sanitizeAiInput","per-conversation injection lockout"],"fullName":"sanitizeAiInput per-conversation injection lockout does not check lockout when no conversationId provided","status":"passed","title":"does not check lockout when no conversationId provided","duration":0.9179000000003725,"failureMessages":[],"meta":{},"tags":[]},{"ancestorTitles":["sanitizeAiInput","per-conversation injection lockout"],"fullName":"sanitizeAiInput per-conversation injection lockout logs conversation_locked event when threshold reached","status":"passed","title":"logs conversation_locked event when threshold reached","duration":2.9381999999968684,"failureMessages":[],"meta":{},"tags":[]},{"ancestorTitles":["sanitizeAiInput","per-conversation injection lockout"],"fullName":"sanitizeAiInput per-conversation injection lockout skips lockout check gracefully when cache fails","status":"passed","title":"skips lockout check gracefully when cache fails","duration":3.614399999998568,"failureMessages":[],"meta":{},"tags":[]},{"ancestorTitles":["sanitizeAiInput","per-conversation injection lockout"],"fullName":"sanitizeAiInput per-conversation injection lockout skips counter increment gracefully when cache fails","status":"passed","title":"skips counter increment gracefully when cache fails","duration":1.5434999999997672,"failureMessages":[],"meta":{},"tags":[]},{"ancestorTitles":["sanitizeAiInput","per-conversation injection lockout"],"fullName":"sanitizeAiInput per-conversation injection lockout returns locked for counter values above threshold","status":"passed","title":"returns locked for counter values above threshold","duration":0.7312999999994645,"failureMessages":[],"meta":{},"tags":[]},{"ancestorTitles":["sanitizeMemoryContent","clean content"],"fullName":"sanitizeMemoryContent clean content returns clean for normal title and content","status":"passed","title":"returns clean for normal title and content","duration":1.0529000000024098,"failureMessages":[],"meta":{},"tags":[]},{"ancestorTitles":["sanitizeMemoryContent","clean content"],"fullName":"sanitizeMemoryContent clean content returns clean for empty title and content","status":"passed","title":"returns clean for empty title and content","duration":0.6666000000041095,"failureMessages":[],"meta":{},"tags":[]},{"ancestorTitles":["sanitizeMemoryContent","clean content"],"fullName":"sanitizeMemoryContent clean content applies NFKC normalization to clean content","status":"passed","title":"applies NFKC normalization to clean content","duration":0.46970000000146683,"failureMessages":[],"meta":{},"tags":[]},{"ancestorTitles":["sanitizeMemoryContent","clean content"],"fullName":"sanitizeMemoryContent clean content strips zero-width characters from clean content","status":"passed","title":"strips zero-width characters from clean content","duration":0.44259999999485444,"failureMessages":[],"meta":{},"tags":[]},{"ancestorTitles":["sanitizeMemoryContent","rejected content - injection in title"],"fullName":"sanitizeMemoryContent rejected content - injection in title rejects when title contains instruction override","status":"passed","title":"rejects when title contains instruction override","duration":0.6820999999981723,"failureMessages":[],"meta":{},"tags":[]},{"ancestorTitles":["sanitizeMemoryContent","rejected content - injection in title"],"fullName":"sanitizeMemoryContent rejected content - injection in title rejects when title contains role switch attempt","status":"passed","title":"rejects when title contains role switch attempt","duration":0.5581999999994878,"failureMessages":[],"meta":{},"tags":[]},{"ancestorTitles":["sanitizeMemoryContent","rejected content - injection in title"],"fullName":"sanitizeMemoryContent rejected content - injection in title rejects when title contains delimiter injection","status":"passed","title":"rejects when title contains delimiter injection","duration":0.6065999999991618,"failureMessages":[],"meta":{},"tags":[]},{"ancestorTitles":["sanitizeMemoryContent","rejected content - injection in content"],"fullName":"sanitizeMemoryContent rejected content - injection in content rejects when content contains instruction override","status":"passed","title":"rejects when content contains instruction override","duration":0.7819999999992433,"failureMessages":[],"meta":{},"tags":[]},{"ancestorTitles":["sanitizeMemoryContent","rejected content - injection in content"],"fullName":"sanitizeMemoryContent rejected content - injection in content rejects when content contains prompt extraction","status":"passed","title":"rejects when content contains prompt extraction","duration":0.6142000000036205,"failureMessages":[],"meta":{},"tags":[]},{"ancestorTitles":["sanitizeMemoryContent","rejected content - injection in content"],"fullName":"sanitizeMemoryContent rejected content - injection in content rejects multilingual injection in content (French)","status":"passed","title":"rejects multilingual injection in content (French)","duration":0.6008999999976368,"failureMessages":[],"meta":{},"tags":[]},{"ancestorTitles":["sanitizeMemoryContent","rejected content - injection in content"],"fullName":"sanitizeMemoryContent rejected content - injection in content rejects multilingual injection in content (Spanish)","status":"passed","title":"rejects multilingual injection in content (Spanish)","duration":0.666799999999057,"failureMessages":[],"meta":{},"tags":[]},{"ancestorTitles":["sanitizeMemoryContent","rejected content - injection in content"],"fullName":"sanitizeMemoryContent rejected content - injection in content rejects multilingual injection in content (German)","status":"passed","title":"rejects multilingual injection in content (German)","duration":0.734599999996135,"failureMessages":[],"meta":{},"tags":[]},{"ancestorTitles":["sanitizeMemoryContent","rejected content - injection with zero-width chars"],"fullName":"sanitizeMemoryContent rejected content - injection with zero-width chars rejects injection hidden with zero-width chars in title","status":"passed","title":"rejects injection hidden with zero-width chars in title","duration":1.1361000000033528,"failureMessages":[],"meta":{},"tags":[]},{"ancestorTitles":["sanitizeMemoryContent","rejected content - injection with zero-width chars"],"fullName":"sanitizeMemoryContent rejected content - injection with zero-width chars rejects injection hidden with zero-width chars in content","status":"passed","title":"rejects injection hidden with zero-width chars in content","duration":0.5135000000009313,"failureMessages":[],"meta":{},"tags":[]},{"ancestorTitles":["sanitizeMemoryContent","sanitized content - low-confidence patterns"],"fullName":"sanitizeMemoryContent sanitized content - low-confidence patterns strips code block injection from content","status":"passed","title":"strips code block injection from content","duration":1.8427999999985332,"failureMessages":[],"meta":{},"tags":[]},{"ancestorTitles":["sanitizeMemoryContent","sanitized content - low-confidence patterns"],"fullName":"sanitizeMemoryContent sanitized content - low-confidence patterns strips heading injection from content","status":"passed","title":"strips heading injection from content","duration":3.083200000000943,"failureMessages":[],"meta":{},"tags":[]},{"ancestorTitles":["sanitizeMemoryContent","sanitized content - low-confidence patterns"],"fullName":"sanitizeMemoryContent sanitized content - low-confidence patterns strips separator injection from content","status":"passed","title":"strips separator injection from content","duration":1.9418000000005122,"failureMessages":[],"meta":{},"tags":[]},{"ancestorTitles":["sanitizeMemoryContent","sanitized content - low-confidence patterns"],"fullName":"sanitizeMemoryContent sanitized content - low-confidence patterns strips code block injection from title","status":"passed","title":"strips code block injection from title","duration":7.441200000001118,"failureMessages":[],"meta":{},"tags":[]},{"ancestorTitles":["sanitizeMemoryContent","combined title and content scanning"],"fullName":"sanitizeMemoryContent combined title and content scanning rejects when injection is only in title (content is clean)","status":"passed","title":"rejects when injection is only in title (content is clean)","duration":1.4760999999998603,"failureMessages":[],"meta":{},"tags":[]},{"ancestorTitles":["sanitizeMemoryContent","combined title and content scanning"],"fullName":"sanitizeMemoryContent combined title and content scanning rejects when injection is only in content (title is clean)","status":"passed","title":"rejects when injection is only in content (title is clean)","duration":0.4315999999962514,"failureMessages":[],"meta":{},"tags":[]},{"ancestorTitles":["sanitizeMemoryContent","combined title and content scanning"],"fullName":"sanitizeMemoryContent combined title and content scanning collects patterns from both title and content","status":"passed","title":"collects patterns from both title and content","duration":0.560299999997369,"failureMessages":[],"meta":{},"tags":[]}],"startTime":1787036771349,"endTime":1787036771456.5603,"status":"passed","message":"","name":"C:/Code/Projects/requo/tests/unit/ai-input-sanitizer.test.ts"},{"assertionResults":[{"ancestorTitles":["filterAiOutput","clean output"],"fullName":"filterAiOutput clean output returns clean status for benign output","status":"passed","title":"returns clean status for benign output","duration":9.38720000000012,"failureMessages":[],"meta":{},"tags":[]},{"ancestorTitles":["filterAiOutput","clean output"],"fullName":"filterAiOutput clean output handles empty output","status":"passed","title":"handles empty output","duration":0.6323000000002139,"failureMessages":[],"meta":{},"tags":[]},{"ancestorTitles":["filterAiOutput","clean output"],"fullName":"filterAiOutput clean output handles empty fragments array","status":"passed","title":"handles empty fragments array","duration":1.5655000000006112,"failureMessages":[],"meta":{},"tags":[]},{"ancestorTitles":["filterAiOutput","system prompt fragment redaction"],"fullName":"filterAiOutput system prompt fragment redaction redacts exact system prompt fragments from output","status":"passed","title":"redacts exact system prompt fragments from output","duration":1.9521000000004278,"failureMessages":[],"meta":{},"tags":[]},{"ancestorTitles":["filterAiOutput","system prompt fragment redaction"],"fullName":"filterAiOutput system prompt fragment redaction redacts fragments with flexible whitespace","status":"passed","title":"redacts fragments with flexible whitespace","duration":1.0253999999995358,"failureMessages":[],"meta":{},"tags":[]},{"ancestorTitles":["filterAiOutput","system prompt fragment redaction"],"fullName":"filterAiOutput system prompt fragment redaction ignores short fragments to avoid false positives","status":"passed","title":"ignores short fragments to avoid false positives","duration":0.5843999999997322,"failureMessages":[],"meta":{},"tags":[]},{"ancestorTitles":["filterAiOutput","system prompt fragment redaction"],"fullName":"filterAiOutput system prompt fragment redaction handles multiple fragment matches","status":"passed","title":"handles multiple fragment matches","duration":1.309900000000198,"failureMessages":[],"meta":{},"tags":[]},{"ancestorTitles":["filterAiOutput","leakage pattern detection"],"fullName":"filterAiOutput leakage pattern detection redacts system prompt disclosure","status":"passed","title":"redacts system prompt disclosure","duration":1.2533999999996013,"failureMessages":[],"meta":{},"tags":[]},{"ancestorTitles":["filterAiOutput","leakage pattern detection"],"fullName":"filterAiOutput leakage pattern detection redacts instruction disclosure","status":"passed","title":"redacts instruction disclosure","duration":0.9021000000002459,"failureMessages":[],"meta":{},"tags":[]},{"ancestorTitles":["filterAiOutput","leakage pattern detection"],"fullName":"filterAiOutput leakage pattern detection redacts config leakage with API keys","status":"passed","title":"redacts config leakage with API keys","duration":1.193699999999808,"failureMessages":[],"meta":{},"tags":[]},{"ancestorTitles":["filterAiOutput","leakage pattern detection"],"fullName":"filterAiOutput leakage pattern detection redacts environment variable patterns","status":"passed","title":"redacts environment variable patterns","duration":0.8633999999992739,"failureMessages":[],"meta":{},"tags":[]},{"ancestorTitles":["filterAiOutput","leakage pattern detection"],"fullName":"filterAiOutput leakage pattern detection redacts 'I was instructed to' patterns","status":"passed","title":"redacts 'I was instructed to' patterns","duration":3.520400000000336,"failureMessages":[],"meta":{},"tags":[]},{"ancestorTitles":["filterAiOutput","preservation of non-leaked content"],"fullName":"filterAiOutput preservation of non-leaked content preserves text before and after redacted content","status":"passed","title":"preserves text before and after redacted content","duration":0.9360999999998967,"failureMessages":[],"meta":{},"tags":[]},{"ancestorTitles":["filterAiOutput","error handling (fail-open)"],"fullName":"filterAiOutput error handling (fail-open) returns original output on malformed input gracefully","status":"passed","title":"returns original output on malformed input gracefully","duration":3.300299999999879,"failureMessages":[],"meta":{},"tags":[]}],"startTime":1787036777025,"endTime":1787036777056.3003,"status":"passed","message":"","name":"C:/Code/Projects/requo/tests/unit/ai-output-filter.test.ts"},{"assertionResults":[{"ancestorTitles":["AI quote missing info helpers"],"fullName":"AI quote missing info helpers normalizes, dedupes, and caps missing info items","status":"failed","title":"normalizes, dedupes, and caps missing info items","duration":29.482200000005832,"failureMessages":["AssertionError: expected [ { …(3) }, { …(3) }, { …(3) }, …(3) ] to deeply equal [ { …(2) }, { …(2) }, { …(2) }, …(3) ]\n    at C:/Code/Projects/requo/tests/unit/ai-quote-missing-info.test.ts:31:24\n    at file:///C:/Code/Projects/requo/node_modules/@vitest/runner/dist/chunk-artifact.js:302:11\n    at file:///C:/Code/Projects/requo/node_modules/@vitest/runner/dist/chunk-artifact.js:1903:26\n    at file:///C:/Code/Projects/requo/node_modules/@vitest/runner/dist/chunk-artifact.js:2326:20\n    at new Promise (<anonymous>)\n    at runWithCancel (file:///C:/Code/Projects/requo/node_modules/@vitest/runner/dist/chunk-artifact.js:2323:10)\n    at file:///C:/Code/Projects/requo/node_modules/@vitest/runner/dist/chunk-artifact.js:2305:20\n    at new Promise (<anonymous>)\n    at runWithTimeout (file:///C:/Code/Projects/requo/node_modules/@vitest/runner/dist/chunk-artifact.js:2272:10)\n    at file:///C:/Code/Projects/requo/node_modules/@vitest/runner/dist/chunk-artifact.js:2955:64"],"meta":{},"tags":[]},{"ancestorTitles":["AI quote missing info helpers"],"fullName":"AI quote missing info helpers builds a concise fallback clarification message from the top missing details","status":"passed","title":"builds a concise fallback clarification message from the top missing details","duration":1.4360000000015134,"failureMessages":[],"meta":{},"tags":[]},{"ancestorTitles":["AI quote missing info helpers"],"fullName":"AI quote missing info helpers uses model clarification text when provided and falls back only when needed","status":"passed","title":"uses model clarification text when provided and falls back only when needed","duration":0.9648999999990338,"failureMessages":[],"meta":{},"tags":[]}],"startTime":1787036771349,"endTime":1787036771380.9648,"status":"failed","message":"","name":"C:/Code/Projects/requo/tests/unit/ai-quote-missing-info.test.ts"},{"assertionResults":[{"ancestorTitles":["generateWithFallback"],"fullName":"generateWithFallback succeeds with the first model on first provider","status":"passed","title":"succeeds with the first model on first provider","duration":12.471900000004098,"failureMessages":[],"meta":{},"tags":[]},{"ancestorTitles":["generateWithFallback"],"fullName":"generateWithFallback falls back to next model when first returns retryable error","status":"passed","title":"falls back to next model when first returns retryable error","duration":5.538300000000163,"failureMessages":[],"meta":{},"tags":[]},{"ancestorTitles":["generateWithFallback"],"fullName":"generateWithFallback moves to next provider after all models fail on first provider","status":"passed","title":"moves to next provider after all models fail on first provider","duration":3.0319999999992433,"failureMessages":[],"meta":{},"tags":[]},{"ancestorTitles":["generateWithFallback"],"fullName":"generateWithFallback stops immediately on non-retryable error","status":"passed","title":"stops immediately on non-retryable error","duration":6.306700000001001,"failureMessages":[],"meta":{},"tags":[]},{"ancestorTitles":["generateWithFallback"],"fullName":"generateWithFallback throws when all providers and models fail","status":"passed","title":"throws when all providers and models fail","duration":4.857499999998254,"failureMessages":[],"meta":{},"tags":[]},{"ancestorTitles":["generateWithFallback"],"fullName":"generateWithFallback throws when no providers are configured","status":"passed","title":"throws when no providers are configured","duration":1.4056999999957043,"failureMessages":[],"meta":{},"tags":[]},{"ancestorTitles":["generateWithFallback"],"fullName":"generateWithFallback passes qualityTier to capacity selector as minQuality","status":"passed","title":"passes qualityTier to capacity selector as minQuality","duration":6.175300000002608,"failureMessages":[],"meta":{},"tags":[]},{"ancestorTitles":["generateWithFallback"],"fullName":"generateWithFallback respects Retry-After cap at 5 seconds","status":"passed","title":"respects Retry-After cap at 5 seconds","duration":8.678500000001804,"failureMessages":[],"meta":{},"tags":[]},{"ancestorTitles":["streamWithFallback"],"fullName":"streamWithFallback streams from first provider and model","status":"passed","title":"streams from first provider and model","duration":3.3143999999956577,"failureMessages":[],"meta":{},"tags":[]},{"ancestorTitles":["streamWithFallback"],"fullName":"streamWithFallback falls back on retryable stream error","status":"passed","title":"falls back on retryable stream error","duration":2.2783999999955995,"failureMessages":[],"meta":{},"tags":[]},{"ancestorTitles":["streamWithFallback"],"fullName":"streamWithFallback stops on non-retryable stream error","status":"passed","title":"stops on non-retryable stream error","duration":1.8385999999954947,"failureMessages":[],"meta":{},"tags":[]},{"ancestorTitles":["streamWithFallback"],"fullName":"streamWithFallback throws when no providers are configured","status":"passed","title":"throws when no providers are configured","duration":1.2574000000022352,"failureMessages":[],"meta":{},"tags":[]},{"ancestorTitles":["AiProviderError"],"fullName":"AiProviderError carries provider, status, and retryable info","status":"passed","title":"carries provider, status, and retryable info","duration":0.8893000000025495,"failureMessages":[],"meta":{},"tags":[]},{"ancestorTitles":["AiProviderError"],"fullName":"AiProviderError creates non-retryable error","status":"passed","title":"creates non-retryable error","duration":0.688800000003539,"failureMessages":[],"meta":{},"tags":[]}],"startTime":1787036771635,"endTime":1787036771695.6887,"status":"passed","message":"","name":"C:/Code/Projects/requo/tests/unit/ai-router.test.ts"},{"assertionResults":[{"ancestorTitles":["truncateToolOutput","no truncation needed"],"fullName":"truncateToolOutput no truncation needed returns output unchanged when under 4000 chars","status":"passed","title":"returns output unchanged when under 4000 chars","duration":6.596300000004703,"failureMessages":[],"meta":{},"tags":[]},{"ancestorTitles":["truncateToolOutput","no truncation needed"],"fullName":"truncateToolOutput no truncation needed returns output unchanged when exactly 4000 chars","status":"passed","title":"returns output unchanged when exactly 4000 chars","duration":0.7495999999955529,"failureMessages":[],"meta":{},"tags":[]},{"ancestorTitles":["truncateToolOutput","error-flagged outputs"],"fullName":"truncateToolOutput error-flagged outputs skips truncation for error-flagged outputs regardless of length","status":"passed","title":"skips truncation for error-flagged outputs regardless of length","duration":1.4438000000009197,"failureMessages":[],"meta":{},"tags":[]},{"ancestorTitles":["truncateToolOutput","text mode truncation"],"fullName":"truncateToolOutput text mode truncation truncates at last complete line boundary before 4000 chars","status":"passed","title":"truncates at last complete line boundary before 4000 chars","duration":2.9083000000027823,"failureMessages":[],"meta":{},"tags":[]},{"ancestorTitles":["truncateToolOutput","text mode truncation"],"fullName":"truncateToolOutput text mode truncation handles single long line without newlines","status":"passed","title":"handles single long line without newlines","duration":0.9314000000013039,"failureMessages":[],"meta":{},"tags":[]},{"ancestorTitles":["truncateToolOutput","text mode truncation"],"fullName":"truncateToolOutput text mode truncation truncation note is excluded from the 4000-char content limit","status":"passed","title":"truncation note is excluded from the 4000-char content limit","duration":1.1207999999969616,"failureMessages":[],"meta":{},"tags":[]},{"ancestorTitles":["truncateToolOutput","JSON mode truncation"],"fullName":"truncateToolOutput JSON mode truncation detects JSON output starting with {","status":"passed","title":"detects JSON output starting with {","duration":10.993100000006962,"failureMessages":[],"meta":{},"tags":[]},{"ancestorTitles":["truncateToolOutput","JSON mode truncation"],"fullName":"truncateToolOutput JSON mode truncation detects JSON output starting with [","status":"passed","title":"detects JSON output starting with [","duration":5.347099999999045,"failureMessages":[],"meta":{},"tags":[]},{"ancestorTitles":["truncateToolOutput","JSON mode truncation"],"fullName":"truncateToolOutput JSON mode truncation closes open brackets in nested JSON","status":"passed","title":"closes open brackets in nested JSON","duration":1.5676000000021304,"failureMessages":[],"meta":{},"tags":[]},{"ancestorTitles":["truncateToolOutput","JSON mode truncation"],"fullName":"truncateToolOutput JSON mode truncation handles JSON with string values containing special characters","status":"passed","title":"handles JSON with string values containing special characters","duration":1.526899999997113,"failureMessages":[],"meta":{},"tags":[]},{"ancestorTitles":["truncateToolOutput","JSON mode truncation"],"fullName":"truncateToolOutput JSON mode truncation content portion stays within 4000 chars for JSON","status":"passed","title":"content portion stays within 4000 chars for JSON","duration":1.0925999999963096,"failureMessages":[],"meta":{},"tags":[]},{"ancestorTitles":["truncateToolOutput","truncation note format"],"fullName":"truncateToolOutput truncation note format includes correct character counts in the note","status":"passed","title":"includes correct character counts in the note","duration":0.6220000000030268,"failureMessages":[],"meta":{},"tags":[]},{"ancestorTitles":["truncateToolOutput","edge cases"],"fullName":"truncateToolOutput edge cases handles empty string","status":"passed","title":"handles empty string","duration":0.5325000000011642,"failureMessages":[],"meta":{},"tags":[]},{"ancestorTitles":["truncateToolOutput","edge cases"],"fullName":"truncateToolOutput edge cases handles JSON with leading whitespace","status":"passed","title":"handles JSON with leading whitespace","duration":1.1243000000031316,"failureMessages":[],"meta":{},"tags":[]}],"startTime":1787036771380,"endTime":1787036771418.1243,"status":"passed","message":"","name":"C:/Code/Projects/requo/tests/unit/ai-tool-truncator.test.ts"},{"assertionResults":[{"ancestorTitles":["lib/ai/usage-limiter — business-scoped plan limits"],"fullName":"lib/ai/usage-limiter — business-scoped plan limits applies the new plan limit after upgrade without resetting usage","status":"passed","title":"applies the new plan limit after upgrade without resetting usage","duration":15.933899999999994,"failureMessages":[],"meta":{},"tags":[]},{"ancestorTitles":["lib/ai/usage-limiter — business-scoped plan limits"],"fullName":"lib/ai/usage-limiter — business-scoped plan limits rejects requests after downgrade when accumulated usage exceeds new limit","status":"passed","title":"rejects requests after downgrade when accumulated usage exceeds new limit","duration":2.1179000000001906,"failureMessages":[],"meta":{},"tags":[]},{"ancestorTitles":["lib/ai/usage-limiter — business-scoped plan limits"],"fullName":"lib/ai/usage-limiter — business-scoped plan limits allows requests at the boundary after upgrade","status":"passed","title":"allows requests at the boundary after upgrade","duration":1.4599000000007436,"failureMessages":[],"meta":{},"tags":[]},{"ancestorTitles":["lib/ai/usage-limiter — business-scoped plan limits"],"fullName":"lib/ai/usage-limiter — business-scoped plan limits rejects at the exact boundary after downgrade","status":"passed","title":"rejects at the exact boundary after downgrade","duration":3.814300000000003,"failureMessages":[],"meta":{},"tags":[]},{"ancestorTitles":["lib/ai/usage-limiter — business-scoped plan limits"],"fullName":"lib/ai/usage-limiter — business-scoped plan limits uses the plan parameter directly (no caching of old plan)","status":"passed","title":"uses the plan parameter directly (no caching of old plan)","duration":1.1921000000002095,"failureMessages":[],"meta":{},"tags":[]},{"ancestorTitles":["lib/ai/usage-limiter — business-scoped plan limits"],"fullName":"lib/ai/usage-limiter — business-scoped plan limits verifies plan limits are correctly derived","status":"passed","title":"verifies plan limits are correctly derived","duration":0.9167999999999665,"failureMessages":[],"meta":{},"tags":[]},{"ancestorTitles":["lib/ai/usage-limiter — business-scoped plan limits"],"fullName":"lib/ai/usage-limiter — business-scoped plan limits handles upgrade from Pro to Business with high usage","status":"passed","title":"handles upgrade from Pro to Business with high usage","duration":0.8738000000003012,"failureMessages":[],"meta":{},"tags":[]},{"ancestorTitles":["lib/ai/usage-limiter — business-scoped plan limits"],"fullName":"lib/ai/usage-limiter — business-scoped plan limits handles downgrade from Business to Pro with high usage","status":"passed","title":"handles downgrade from Business to Pro with high usage","duration":1.1252999999996973,"failureMessages":[],"meta":{},"tags":[]},{"ancestorTitles":["lib/ai/usage-limiter — business-scoped plan limits"],"fullName":"lib/ai/usage-limiter — business-scoped plan limits scopes usage to the business, not the owner","status":"passed","title":"scopes usage to the business, not the owner","duration":0.9781000000002678,"failureMessages":[],"meta":{},"tags":[]}],"startTime":1787036789480,"endTime":1787036789508.978,"status":"passed","message":"","name":"C:/Code/Projects/requo/tests/unit/ai-usage-limiter-plan-change.test.ts"},{"assertionResults":[{"ancestorTitles":["features/analytics/jobs/rollup - batch processing","normalizeBatchSize"],"fullName":"features/analytics/jobs/rollup - batch processing normalizeBatchSize returns the default when given 10","status":"passed","title":"returns the default when given 10","duration":1.9286999999994805,"failureMessages":[],"meta":{},"tags":[]},{"ancestorTitles":["features/analytics/jobs/rollup - batch processing","normalizeBatchSize"],"fullName":"features/analytics/jobs/rollup - batch processing normalizeBatchSize clamps to minimum of 5 when given a value below 5","status":"passed","title":"clamps to minimum of 5 when given a value below 5","duration":0.36409999999978027,"failureMessages":[],"meta":{},"tags":[]},{"ancestorTitles":["features/analytics/jobs/rollup - batch processing","normalizeBatchSize"],"fullName":"features/analytics/jobs/rollup - batch processing normalizeBatchSize clamps to maximum of 25 when given a value above 25","status":"passed","title":"clamps to maximum of 25 when given a value above 25","duration":0.46740000000045256,"failureMessages":[],"meta":{},"tags":[]},{"ancestorTitles":["features/analytics/jobs/rollup - batch processing","normalizeBatchSize"],"fullName":"features/analytics/jobs/rollup - batch processing normalizeBatchSize accepts values within valid range [5, 25]","status":"passed","title":"accepts values within valid range [5, 25]","duration":0.3649999999997817,"failureMessages":[],"meta":{},"tags":[]},{"ancestorTitles":["features/analytics/jobs/rollup - batch processing","normalizeBatchSize"],"fullName":"features/analytics/jobs/rollup - batch processing normalizeBatchSize rounds fractional values to nearest integer","status":"passed","title":"rounds fractional values to nearest integer","duration":0.2628000000004249,"failureMessages":[],"meta":{},"tags":[]}],"startTime":1787036797505,"endTime":1787036797508.365,"status":"passed","message":"","name":"C:/Code/Projects/requo/tests/unit/analytics-rollup-batch.test.ts"},{"assertionResults":[{"ancestorTitles":["features/analytics/tracking"],"fullName":"features/analytics/tracking creates a stable visitor hash for the same business and request","status":"passed","title":"creates a stable visitor hash for the same business and request","duration":25.889100000000326,"failureMessages":[],"meta":{},"tags":[]},{"ancestorTitles":["features/analytics/tracking"],"fullName":"features/analytics/tracking scopes visitor hashes to the business","status":"passed","title":"scopes visitor hashes to the business","duration":4.205199999998513,"failureMessages":[],"meta":{},"tags":[]},{"ancestorTitles":["features/analytics/tracking"],"fullName":"features/analytics/tracking falls back safely when no usable IP address is present","status":"passed","title":"falls back safely when no usable IP address is present","duration":91.86570000000029,"failureMessages":[],"meta":{},"tags":[]}],"startTime":1787036786466,"endTime":1787036786588.8657,"status":"passed","message":"","name":"C:/Code/Projects/requo/tests/unit/analytics-tracking.test.ts"},{"assertionResults":[{"ancestorTitles":["critical API route authorization"],"fullName":"critical API route authorization does not export quote CSV data without a business membership","status":"passed","title":"does not export quote CSV data without a business membership","duration":22.53679999999804,"failureMessages":[],"meta":{},"tags":[]},{"ancestorTitles":["critical API route authorization"],"fullName":"critical API route authorization scopes quote CSV export reads to the authorized business id","status":"passed","title":"scopes quote CSV export reads to the authorized business id","duration":11.918499999999767,"failureMessages":[],"meta":{},"tags":[]},{"ancestorTitles":["critical API route authorization"],"fullName":"critical API route authorization does not render quote files before membership and quote ownership checks pass","status":"passed","title":"does not render quote files before membership and quote ownership checks pass","duration":6.223900000000867,"failureMessages":[],"meta":{},"tags":[]},{"ancestorTitles":["critical API route authorization"],"fullName":"critical API route authorization does not download inquiry attachments outside the current business","status":"passed","title":"does not download inquiry attachments outside the current business","duration":5.9605999999985215,"failureMessages":[],"meta":{},"tags":[]}],"startTime":1787036789205,"endTime":1787036789251.9607,"status":"passed","message":"","name":"C:/Code/Projects/requo/tests/unit/api-route-authorization.test.ts"},{"assertionResults":[{"ancestorTitles":["lib/auth/session"],"fullName":"lib/auth/session returns the optional session when the auth lookup succeeds","status":"passed","title":"returns the optional session when the auth lookup succeeds","duration":36.01710000000003,"failureMessages":[],"meta":{},"tags":[]},{"ancestorTitles":["lib/auth/session"],"fullName":"lib/auth/session falls back to null for optional auth lookups when session resolution fails","status":"passed","title":"falls back to null for optional auth lookups when session resolution fails","duration":2.23529999999937,"failureMessages":[],"meta":{},"tags":[]},{"ancestorTitles":["lib/auth/session"],"fullName":"lib/auth/session keeps the strict session helper throwing on lookup failures","status":"passed","title":"keeps the strict session helper throwing on lookup failures","duration":3.4273999999995794,"failureMessages":[],"meta":{},"tags":[]}],"startTime":1787036778179,"endTime":1787036778220.4275,"status":"passed","message":"","name":"C:/Code/Projects/requo/tests/unit/auth-session.test.ts"},{"assertionResults":[{"ancestorTitles":["features/auth/utils","getAuthErrorMessage"],"fullName":"features/auth/utils getAuthErrorMessage returns message if present","status":"passed","title":"returns message if present","duration":5.002899999999499,"failureMessages":[],"meta":{},"tags":[]},{"ancestorTitles":["features/auth/utils","getAuthErrorMessage"],"fullName":"features/auth/utils getAuthErrorMessage returns statusText if message is missing","status":"passed","title":"returns statusText if message is missing","duration":0.9760999999998603,"failureMessages":[],"meta":{},"tags":[]},{"ancestorTitles":["features/auth/utils","getAuthErrorMessage"],"fullName":"features/auth/utils getAuthErrorMessage returns fallback if neither is present","status":"passed","title":"returns fallback if neither is present","duration":0.5987000000004628,"failureMessages":[],"meta":{},"tags":[]},{"ancestorTitles":["features/auth/utils","getAuthErrorMessage"],"fullName":"features/auth/utils getAuthErrorMessage returns fallback if error is null or undefined","status":"passed","title":"returns fallback if error is null or undefined","duration":0.7445999999999913,"failureMessages":[],"meta":{},"tags":[]},{"ancestorTitles":["features/auth/utils","getAuthErrorMessage"],"fullName":"features/auth/utils getAuthErrorMessage maps verification and abuse-control errors to safer copy","status":"passed","title":"maps verification and abuse-control errors to safer copy","duration":0.7564000000002125,"failureMessages":[],"meta":{},"tags":[]}],"startTime":1787036794144,"endTime":1787036794152.7563,"status":"passed","message":"","name":"C:/Code/Projects/requo/tests/unit/auth-utils.test.ts"},{"assertionResults":[{"ancestorTitles":["lib/billing/plans"],"fullName":"lib/billing/plans defines USD and PHP prices for the new tiers","status":"passed","title":"defines USD and PHP prices for the new tiers","duration":6.529599999999846,"failureMessages":[],"meta":{},"tags":[]},{"ancestorTitles":["lib/billing/plans"],"fullName":"lib/billing/plans returns plan prices","status":"passed","title":"returns plan prices","duration":1.2484999999996944,"failureMessages":[],"meta":{},"tags":[]},{"ancestorTitles":["lib/billing/plans"],"fullName":"lib/billing/plans formats USD labels","status":"passed","title":"formats USD labels","duration":1.516700000000128,"failureMessages":[],"meta":{},"tags":[]},{"ancestorTitles":["lib/billing/plans"],"fullName":"lib/billing/plans formats PHP labels in whole pesos","status":"passed","title":"formats PHP labels in whole pesos","duration":60.45979999999963,"failureMessages":[],"meta":{},"tags":[]},{"ancestorTitles":["lib/billing/plans"],"fullName":"lib/billing/plans bills yearly as two months free (10 for 12)","status":"passed","title":"bills yearly as two months free (10 for 12)","duration":3.340900000000147,"failureMessages":[],"meta":{},"tags":[]}],"startTime":1787036777026,"endTime":1787036777099.3408,"status":"passed","message":"","name":"C:/Code/Projects/requo/tests/unit/billing-plans.test.ts"},{"assertionResults":[{"ancestorTitles":["features/billing/queries"],"fullName":"features/billing/queries derives the current plan from the authoritative subscription row","status":"passed","title":"derives the current plan from the authoritative subscription row","duration":14.88839999999982,"failureMessages":[],"meta":{},"tags":[]},{"ancestorTitles":["features/billing/queries"],"fullName":"features/billing/queries falls back to the business plan when no subscription row exists","status":"passed","title":"falls back to the business plan when no subscription row exists","duration":2.73070000000007,"failureMessages":[],"meta":{},"tags":[]}],"startTime":1787036792071,"endTime":1787036792088.7307,"status":"passed","message":"","name":"C:/Code/Projects/requo/tests/unit/billing-queries.test.ts"},{"assertionResults":[{"ancestorTitles":["lib/billing/subscription-service — resolveEffectivePlanFromSubscription","active subscription"],"fullName":"lib/billing/subscription-service — resolveEffectivePlanFromSubscription active subscription returns the plan for an active pro subscription","status":"passed","title":"returns the plan for an active pro subscription","duration":7.040100000000166,"failureMessages":[],"meta":{},"tags":[]},{"ancestorTitles":["lib/billing/subscription-service — resolveEffectivePlanFromSubscription","active subscription"],"fullName":"lib/billing/subscription-service — resolveEffectivePlanFromSubscription active subscription returns the plan for an active business subscription","status":"passed","title":"returns the plan for an active business subscription","duration":0.8541999999997643,"failureMessages":[],"meta":{},"tags":[]},{"ancestorTitles":["lib/billing/subscription-service — resolveEffectivePlanFromSubscription","canceled subscription"],"fullName":"lib/billing/subscription-service — resolveEffectivePlanFromSubscription canceled subscription returns the plan if still within billing period","status":"passed","title":"returns the plan if still within billing period","duration":0.9942000000000917,"failureMessages":[],"meta":{},"tags":[]},{"ancestorTitles":["lib/billing/subscription-service — resolveEffectivePlanFromSubscription","canceled subscription"],"fullName":"lib/billing/subscription-service — resolveEffectivePlanFromSubscription canceled subscription returns free if billing period has ended","status":"passed","title":"returns free if billing period has ended","duration":0.95049999999992,"failureMessages":[],"meta":{},"tags":[]},{"ancestorTitles":["lib/billing/subscription-service — resolveEffectivePlanFromSubscription","canceled subscription"],"fullName":"lib/billing/subscription-service — resolveEffectivePlanFromSubscription canceled subscription returns free if currentPeriodEnd is null","status":"passed","title":"returns free if currentPeriodEnd is null","duration":0.9584999999997308,"failureMessages":[],"meta":{},"tags":[]},{"ancestorTitles":["lib/billing/subscription-service — resolveEffectivePlanFromSubscription","past_due subscription"],"fullName":"lib/billing/subscription-service — resolveEffectivePlanFromSubscription past_due subscription returns the plan (grace period keeps access)","status":"passed","title":"returns the plan (grace period keeps access)","duration":0.6499000000003434,"failureMessages":[],"meta":{},"tags":[]},{"ancestorTitles":["lib/billing/subscription-service — resolveEffectivePlanFromSubscription","past_due subscription"],"fullName":"lib/billing/subscription-service — resolveEffectivePlanFromSubscription past_due subscription returns business plan during grace period","status":"passed","title":"returns business plan during grace period","duration":0.7087000000001353,"failureMessages":[],"meta":{},"tags":[]},{"ancestorTitles":["lib/billing/subscription-service — resolveEffectivePlanFromSubscription","pending subscription"],"fullName":"lib/billing/subscription-service — resolveEffectivePlanFromSubscription pending subscription returns free","status":"passed","title":"returns free","duration":0.6838999999999942,"failureMessages":[],"meta":{},"tags":[]},{"ancestorTitles":["lib/billing/subscription-service — resolveEffectivePlanFromSubscription","expired subscription"],"fullName":"lib/billing/subscription-service — resolveEffectivePlanFromSubscription expired subscription returns free","status":"passed","title":"returns free","duration":0.9850999999998749,"failureMessages":[],"meta":{},"tags":[]},{"ancestorTitles":["lib/billing/subscription-service — resolveEffectivePlanFromSubscription","incomplete subscription"],"fullName":"lib/billing/subscription-service — resolveEffectivePlanFromSubscription incomplete subscription returns free","status":"passed","title":"returns free","duration":1.0215000000007421,"failureMessages":[],"meta":{},"tags":[]},{"ancestorTitles":["lib/billing/subscription-service — resolveEffectivePlanFromSubscription","free status subscription"],"fullName":"lib/billing/subscription-service — resolveEffectivePlanFromSubscription free status subscription returns free","status":"passed","title":"returns free","duration":0.7331000000003769,"failureMessages":[],"meta":{},"tags":[]},{"ancestorTitles":["lib/billing/subscription-service — resolveEffectivePlanFromSubscription","unknown status"],"fullName":"lib/billing/subscription-service — resolveEffectivePlanFromSubscription unknown status returns free for any unrecognized status","status":"passed","title":"returns free for any unrecognized status","duration":0.49240000000008877,"failureMessages":[],"meta":{},"tags":[]}],"startTime":1787036779127,"endTime":1787036779145.4924,"status":"passed","message":"","name":"C:/Code/Projects/requo/tests/unit/billing-subscription.test.ts"},{"assertionResults":[{"ancestorTitles":["lib/billing/webhook-processor","webhookSuccess"],"fullName":"lib/billing/webhook-processor webhookSuccess returns a success result with message","status":"passed","title":"returns a success result with message","duration":7.7523999999993976,"failureMessages":[],"meta":{},"tags":[]},{"ancestorTitles":["lib/billing/webhook-processor","webhookSuccess"],"fullName":"lib/billing/webhook-processor webhookSuccess includes businessId when provided","status":"passed","title":"includes businessId when provided","duration":1.2935999999999694,"failureMessages":[],"meta":{},"tags":[]},{"ancestorTitles":["lib/billing/webhook-processor","webhookError"],"fullName":"lib/billing/webhook-processor webhookError returns an error result with message","status":"passed","title":"returns an error result with message","duration":0.8263999999999214,"failureMessages":[],"meta":{},"tags":[]}],"startTime":1787036791166,"endTime":1787036791176.8264,"status":"passed","message":"","name":"C:/Code/Projects/requo/tests/unit/billing-webhook.test.ts"},{"assertionResults":[{"ancestorTitles":["features/businesses/validation","validateBusinessSlug"],"fullName":"features/businesses/validation validateBusinessSlug accepts valid lowercase alphanumeric slugs","status":"passed","title":"accepts valid lowercase alphanumeric slugs","duration":5.883700000000317,"failureMessages":[],"meta":{},"tags":[]},{"ancestorTitles":["features/businesses/validation","validateBusinessSlug"],"fullName":"features/businesses/validation validateBusinessSlug rejects slugs with uppercase characters","status":"passed","title":"rejects slugs with uppercase characters","duration":1.1340000000000146,"failureMessages":[],"meta":{},"tags":[]},{"ancestorTitles":["features/businesses/validation","validateBusinessSlug"],"fullName":"features/businesses/validation validateBusinessSlug rejects slugs with spaces or special characters","status":"passed","title":"rejects slugs with spaces or special characters","duration":0.7696999999998297,"failureMessages":[],"meta":{},"tags":[]},{"ancestorTitles":["features/businesses/validation","validateBusinessSlug"],"fullName":"features/businesses/validation validateBusinessSlug rejects empty slugs","status":"passed","title":"rejects empty slugs","duration":0.5466999999998734,"failureMessages":[],"meta":{},"tags":[]},{"ancestorTitles":["features/businesses/validation","validateBusinessSlug"],"fullName":"features/businesses/validation validateBusinessSlug rejects reserved route segments","status":"passed","title":"rejects reserved route segments","duration":0.6185000000004948,"failureMessages":[],"meta":{},"tags":[]},{"ancestorTitles":["features/businesses/validation","validateBusinessSlug"],"fullName":"features/businesses/validation validateBusinessSlug rejects other reserved segments","status":"passed","title":"rejects other reserved segments","duration":0.664600000000064,"failureMessages":[],"meta":{},"tags":[]},{"ancestorTitles":["features/businesses/validation","validateBusinessSlug"],"fullName":"features/businesses/validation validateBusinessSlug accepts slugs that look like reserved words but are not","status":"passed","title":"accepts slugs that look like reserved words but are not","duration":0.5370000000002619,"failureMessages":[],"meta":{},"tags":[]}],"startTime":1787036795128,"endTime":1787036795138.6646,"status":"passed","message":"","name":"C:/Code/Projects/requo/tests/unit/business-slug-validation.test.ts"},{"assertionResults":[{"ancestorTitles":["features/businesses/schemas","createBusinessSchema"],"fullName":"features/businesses/schemas createBusinessSchema validates a correct business payload","status":"passed","title":"validates a correct business payload","duration":9.124199999999291,"failureMessages":[],"meta":{},"tags":[]},{"ancestorTitles":["features/businesses/schemas","createBusinessSchema"],"fullName":"features/businesses/schemas createBusinessSchema rejects short names","status":"passed","title":"rejects short names","duration":4.727300000000469,"failureMessages":[],"meta":{},"tags":[]},{"ancestorTitles":["features/businesses/schemas","createBusinessSchema"],"fullName":"features/businesses/schemas createBusinessSchema rejects unsupported currencies","status":"passed","title":"rejects unsupported currencies","duration":3.782499999999345,"failureMessages":[],"meta":{},"tags":[]},{"ancestorTitles":["features/businesses/schemas","createBusinessSchema"],"fullName":"features/businesses/schemas createBusinessSchema normalizes the currency code before validation","status":"passed","title":"normalizes the currency code before validation","duration":5.551800000000185,"failureMessages":[],"meta":{},"tags":[]}],"startTime":1787036793240,"endTime":1787036793263.5518,"status":"passed","message":"","name":"C:/Code/Projects/requo/tests/unit/businesses-schemas.test.ts"},{"assertionResults":[{"ancestorTitles":["db connection options"],"fullName":"db connection options caps the runtime pool for Supabase pooler URLs","status":"passed","title":"caps the runtime pool for Supabase pooler URLs","duration":7.179399999999987,"failureMessages":[],"meta":{},"tags":[]},{"ancestorTitles":["db connection options"],"fullName":"db connection options keeps a larger pool for direct or local database URLs","status":"passed","title":"keeps a larger pool for direct or local database URLs","duration":3.902100000000246,"failureMessages":[],"meta":{},"tags":[]},{"ancestorTitles":["db connection options"],"fullName":"db connection options falls back to non-pooler defaults for malformed URLs","status":"passed","title":"falls back to non-pooler defaults for malformed URLs","duration":0.9924000000000888,"failureMessages":[],"meta":{},"tags":[]}],"startTime":1787036791040,"endTime":1787036791051.9924,"status":"passed","message":"","name":"C:/Code/Projects/requo/tests/unit/db-connection-options.test.ts"},{"assertionResults":[{"ancestorTitles":["isRetryableEmailError"],"fullName":"isRetryableEmailError returns true for rate limits, quota failures, and temporary outages","status":"passed","title":"returns true for rate limits, quota failures, and temporary outages","duration":13.257200000000012,"failureMessages":[],"meta":{},"tags":[]},{"ancestorTitles":["isRetryableEmailError"],"fullName":"isRetryableEmailError returns false for invalid input and configuration errors","status":"passed","title":"returns false for invalid input and configuration errors","duration":1.7025000000003274,"failureMessages":[],"meta":{},"tags":[]}],"startTime":1787036794582,"endTime":1787036794596.7024,"status":"passed","message":"","name":"C:/Code/Projects/requo/tests/unit/email-errors.test.ts"},{"assertionResults":[{"ancestorTitles":["email sender selection"],"fullName":"email sender selection selects branded senders by email type","status":"passed","title":"selects branded senders by email type","duration":3836.150600000001,"failureMessages":[],"meta":{},"tags":[]},{"ancestorTitles":["email sender selection"],"fullName":"email sender selection falls back to the default sender when specialized senders are absent","status":"passed","title":"falls back to the default sender when specialized senders are absent","duration":17.256900000000314,"failureMessages":[],"meta":{},"tags":[]},{"ancestorTitles":["email sender selection"],"fullName":"email sender selection builds a Requo notifications sender from EMAIL_DOMAIN","status":"passed","title":"builds a Requo notifications sender from EMAIL_DOMAIN","duration":14.21310000000085,"failureMessages":[],"meta":{},"tags":[]},{"ancestorTitles":["email sender selection"],"fullName":"email sender selection rejects consumer mailbox senders","status":"passed","title":"rejects consumer mailbox senders","duration":28.218999999997322,"failureMessages":[],"meta":{},"tags":[]}],"startTime":1787036771060,"endTime":1787036774956.219,"status":"passed","message":"","name":"C:/Code/Projects/requo/tests/unit/email-senders.test.ts"},{"assertionResults":[{"ancestorTitles":["Requo email templates"],"fullName":"Requo email templates renders a branded quote email with primary CTA color and text fallback","status":"passed","title":"renders a branded quote email with primary CTA color and text fallback","duration":181.17659999999887,"failureMessages":[],"meta":{},"tags":[]},{"ancestorTitles":["Requo email templates"],"fullName":"Requo email templates renders a branded inquiry notification with clear details and text fallback","status":"passed","title":"renders a branded inquiry notification with clear details and text fallback","duration":1.7401000000027125,"failureMessages":[],"meta":{},"tags":[]}],"startTime":1787036771542,"endTime":1787036771725.74,"status":"passed","message":"","name":"C:/Code/Projects/requo/tests/unit/email-templates.test.ts"},{"assertionResults":[{"ancestorTitles":["isEscapeHatchOverdue"],"fullName":"isEscapeHatchOverdue returns true when now is strictly after targetReviewDate","status":"passed","title":"returns true when now is strictly after targetReviewDate","duration":4.495700000000397,"failureMessages":[],"meta":{},"tags":[]},{"ancestorTitles":["isEscapeHatchOverdue"],"fullName":"isEscapeHatchOverdue returns false when now equals targetReviewDate exactly (UTC midnight)","status":"passed","title":"returns false when now equals targetReviewDate exactly (UTC midnight)","duration":1.0712000000003172,"failureMessages":[],"meta":{},"tags":[]},{"ancestorTitles":["isEscapeHatchOverdue"],"fullName":"isEscapeHatchOverdue returns false when now is before targetReviewDate","status":"passed","title":"returns false when now is before targetReviewDate","duration":0.6383999999998196,"failureMessages":[],"meta":{},"tags":[]},{"ancestorTitles":["isEscapeHatchOverdue"],"fullName":"isEscapeHatchOverdue returns false when entry is inactive regardless of date","status":"passed","title":"returns false when entry is inactive regardless of date","duration":0.6840999999994892,"failureMessages":[],"meta":{},"tags":[]},{"ancestorTitles":["isEscapeHatchOverdue"],"fullName":"isEscapeHatchOverdue returns false for inactive entry even when now is after targetReviewDate","status":"passed","title":"returns false for inactive entry even when now is after targetReviewDate","duration":1.1835000000000946,"failureMessages":[],"meta":{},"tags":[]},{"ancestorTitles":["isEscapeHatchOverdue"],"fullName":"isEscapeHatchOverdue returns true when now is 1ms after targetReviewDate","status":"passed","title":"returns true when now is 1ms after targetReviewDate","duration":0.7849999999998545,"failureMessages":[],"meta":{},"tags":[]}],"startTime":1787036789991,"endTime":1787036789999.785,"status":"passed","message":"","name":"C:/Code/Projects/requo/tests/unit/escape-hatch-overdue.test.ts"},{"assertionResults":[{"ancestorTitles":["features/follow-ups/schemas"],"fullName":"features/follow-ups/schemas accepts a valid follow-up creation payload","status":"passed","title":"accepts a valid follow-up creation payload","duration":9.81630000000041,"failureMessages":[],"meta":{},"tags":[]},{"ancestorTitles":["features/follow-ups/schemas"],"fullName":"features/follow-ups/schemas rejects invalid channels and invalid due dates","status":"passed","title":"rejects invalid channels and invalid due dates","duration":1.9873999999999796,"failureMessages":[],"meta":{},"tags":[]},{"ancestorTitles":["features/follow-ups/schemas"],"fullName":"features/follow-ups/schemas rejects unknown fields for creation payloads","status":"passed","title":"rejects unknown fields for creation payloads","duration":1.7809000000006563,"failureMessages":[],"meta":{},"tags":[]},{"ancestorTitles":["features/follow-ups/schemas"],"fullName":"features/follow-ups/schemas parses list filters with safe defaults","status":"passed","title":"parses list filters with safe defaults","duration":3.941200000000208,"failureMessages":[],"meta":{},"tags":[]},{"ancestorTitles":["features/follow-ups/schemas"],"fullName":"features/follow-ups/schemas validates reschedule due dates","status":"passed","title":"validates reschedule due dates","duration":1.6124000000008891,"failureMessages":[],"meta":{},"tags":[]}],"startTime":1787036789029,"endTime":1787036789048.6123,"status":"passed","message":"","name":"C:/Code/Projects/requo/tests/unit/follow-up-schemas.test.ts"},{"assertionResults":[{"ancestorTitles":["features/follow-ups/utils"],"fullName":"features/follow-ups/utils maps preferred contact methods to follow-up channels","status":"passed","title":"maps preferred contact methods to follow-up channels","duration":6.282799999999952,"failureMessages":[],"meta":{},"tags":[]},{"ancestorTitles":["features/follow-ups/utils"],"fullName":"features/follow-ups/utils creates quick due dates from a stable clock","status":"passed","title":"creates quick due dates from a stable clock","duration":1.7222000000001572,"failureMessages":[],"meta":{},"tags":[]},{"ancestorTitles":["features/follow-ups/utils"],"fullName":"features/follow-ups/utils classifies pending
[...]
e":"next.config.ts images.remotePatterns exports a config with images.remotePatterns as an array","status":"passed","title":"exports a config with images.remotePatterns as an array","duration":57.67020000000048,"failureMessages":[],"meta":{},"tags":[]},{"ancestorTitles":["next.config.ts modularizeImports"],"fullName":"next.config.ts modularizeImports exports a config with modularizeImports as an object","status":"passed","title":"exports a config with modularizeImports as an object","duration":3.75959999999759,"failureMessages":[],"meta":{},"tags":[]},{"ancestorTitles":["Lighthouse budget: waiver parsing and threshold classification"],"fullName":"Lighthouse budget: waiver parsing and threshold classification parseWaivers extracts waiver reasons from PR body","status":"passed","title":"parseWaivers extracts waiver reasons from PR body","duration":1.8966999999975087,"failureMessages":[],"meta":{},"tags":[]},{"ancestorTitles":["Lighthouse budget: waiver parsing and threshold classification"],"fullName":"Lighthouse budget: waiver parsing and threshold classification classifyMetric returns correct status based on thresholds","status":"passed","title":"classifyMetric returns correct status based on thresholds","duration":0.8073000000003958,"failureMessages":[],"meta":{},"tags":[]},{"ancestorTitles":["Lighthouse budget: waiver parsing and threshold classification"],"fullName":"Lighthouse budget: waiver parsing and threshold classification classifyMetric: CLS thresholds (fractional values)","status":"passed","title":"classifyMetric: CLS thresholds (fractional values)","duration":0.7612000000008265,"failureMessages":[],"meta":{},"tags":[]}],"startTime":1787036771976,"endTime":1787036788917.7612,"status":"passed","message":"","name":"C:/Code/Projects/requo/tests/unit/seo.test.ts"},{"assertionResults":[{"ancestorTitles":["getUnifiedSettingsNavigation"],"fullName":"getUnifiedSettingsNavigation returns two groups: Personal and Business","status":"passed","title":"returns two groups: Personal and Business","duration":7.545000000000073,"failureMessages":[],"meta":{},"tags":[]},{"ancestorTitles":["getUnifiedSettingsNavigation"],"fullName":"getUnifiedSettingsNavigation Personal group contains Profile, Appearance, Notifications","status":"passed","title":"Personal group contains Profile, Appearance, Notifications","duration":3.605899999999565,"failureMessages":[],"meta":{},"tags":[]},{"ancestorTitles":["getUnifiedSettingsNavigation"],"fullName":"getUnifiedSettingsNavigation Business group contains all current business settings items","status":"passed","title":"Business group contains all current business settings items","duration":1.1967999999997119,"failureMessages":[],"meta":{},"tags":[]},{"ancestorTitles":["getUnifiedSettingsNavigation"],"fullName":"getUnifiedSettingsNavigation generates correct href paths scoped to slug","status":"passed","title":"generates correct href paths scoped to slug","duration":1.552599999999984,"failureMessages":[],"meta":{},"tags":[]},{"ancestorTitles":["getUnifiedSettingsNavigation"],"fullName":"getUnifiedSettingsNavigation each item has an icon string","status":"passed","title":"each item has an icon string","duration":1.4580000000005384,"failureMessages":[],"meta":{},"tags":[]}],"startTime":1787036784092,"endTime":1787036784107.458,"status":"passed","message":"","name":"C:/Code/Projects/requo/tests/unit/settings-navigation.test.ts"},{"assertionResults":[{"ancestorTitles":["interpolateSparklineData"],"fullName":"interpolateSparklineData always returns exactly 7 points","status":"passed","title":"always returns exactly 7 points","duration":7.207800000000134,"failureMessages":[],"meta":{},"tags":[]},{"ancestorTitles":["interpolateSparklineData"],"fullName":"interpolateSparklineData returns 7 zeros for empty input","status":"passed","title":"returns 7 zeros for empty input","duration":2.100300000000061,"failureMessages":[],"meta":{},"tags":[]},{"ancestorTitles":["interpolateSparklineData"],"fullName":"interpolateSparklineData distributes 7 daily values into 7 buckets for a 7-day range","status":"passed","title":"distributes 7 daily values into 7 buckets for a 7-day range","duration":3.0739000000003216,"failureMessages":[],"meta":{},"tags":[]},{"ancestorTitles":["interpolateSparklineData"],"fullName":"interpolateSparklineData averages values within the same interval","status":"passed","title":"averages values within the same interval","duration":0.8804000000000087,"failureMessages":[],"meta":{},"tags":[]},{"ancestorTitles":["interpolateSparklineData"],"fullName":"interpolateSparklineData handles a single data point by filling all points with that value","status":"passed","title":"handles a single data point by filling all points with that value","duration":1.3055999999996857,"failureMessages":[],"meta":{},"tags":[]},{"ancestorTitles":["interpolateSparklineData"],"fullName":"interpolateSparklineData handles a zero-width date range by averaging all values","status":"passed","title":"handles a zero-width date range by averaging all values","duration":1.4597999999996318,"failureMessages":[],"meta":{},"tags":[]},{"ancestorTitles":["interpolateSparklineData"],"fullName":"interpolateSparklineData linearly interpolates gaps between known intervals","status":"passed","title":"linearly interpolates gaps between known intervals","duration":17.284999999999854,"failureMessages":[],"meta":{},"tags":[]},{"ancestorTitles":["interpolateSparklineData"],"fullName":"interpolateSparklineData clamps values outside the date range to boundaries","status":"passed","title":"clamps values outside the date range to boundaries","duration":1.0482999999994718,"failureMessages":[],"meta":{},"tags":[]},{"ancestorTitles":["interpolateSparklineData"],"fullName":"interpolateSparklineData produces numeric (non-NaN) values for all points","status":"passed","title":"produces numeric (non-NaN) values for all points","duration":2.0591999999996915,"failureMessages":[],"meta":{},"tags":[]}],"startTime":1787036786825,"endTime":1787036786861.059,"status":"passed","message":"","name":"C:/Code/Projects/requo/tests/unit/sparkline-interpolation.test.ts"},{"assertionResults":[{"ancestorTitles":["features/businesses/starter-workflows","getRecommendedStarterWorkflow"],"fullName":"features/businesses/starter-workflows getRecommendedStarterWorkflow maps every BusinessType to exactly one recommended workflow","status":"passed","title":"maps every BusinessType to exactly one recommended workflow","duration":14.483500000000276,"failureMessages":[],"meta":{},"tags":[]},{"ancestorTitles":["features/businesses/starter-workflows","getRecommendedStarterWorkflow"],"fullName":"features/businesses/starter-workflows getRecommendedStarterWorkflow recommends recurring_service for cleaning, landscaping, and pet services","status":"passed","title":"recommends recurring_service for cleaning, landscaping, and pet services","duration":0.9021999999995387,"failureMessages":[],"meta":{},"tags":[]},{"ancestorTitles":["features/businesses/starter-workflows","getRecommendedStarterWorkflow"],"fullName":"features/businesses/starter-workflows getRecommendedStarterWorkflow recommends consultation_proposal for consulting/professional services","status":"passed","title":"recommends consultation_proposal for consulting/professional services","duration":0.6642999999994572,"failureMessages":[],"meta":{},"tags":[]},{"ancestorTitles":["features/businesses/starter-workflows","getRecommendedStarterWorkflow"],"fullName":"features/businesses/starter-workflows getRecommendedStarterWorkflow recommends project_quote for all other business types","status":"passed","title":"recommends project_quote for all other business types","duration":1.1138999999993757,"failureMessages":[],"meta":{},"tags":[]},{"ancestorTitles":["features/businesses/starter-workflows","getRecommendedStarterWorkflow"],"fullName":"features/businesses/starter-workflows getRecommendedStarterWorkflow uses project_quote as fallback for general_project_services","status":"passed","title":"uses project_quote as fallback for general_project_services","duration":0.5770000000002256,"failureMessages":[],"meta":{},"tags":[]},{"ancestorTitles":["features/businesses/starter-workflows","getRecommendedStarterWorkflow"],"fullName":"features/businesses/starter-workflows getRecommendedStarterWorkflow returns a valid StarterWorkflowKey for every input","status":"passed","title":"returns a valid StarterWorkflowKey for every input","duration":2.6421999999993204,"failureMessages":[],"meta":{},"tags":[]}],"startTime":1787036792799,"endTime":1787036792819.642,"status":"passed","message":"","name":"C:/Code/Projects/requo/tests/unit/starter-workflows.test.ts"},{"assertionResults":[{"ancestorTitles":["useBulkSelection"],"fullName":"useBulkSelection starts with no items selected","status":"passed","title":"starts with no items selected","duration":39.9968000000008,"failureMessages":[],"meta":{},"tags":[]},{"ancestorTitles":["useBulkSelection"],"fullName":"useBulkSelection toggles an item on and off","status":"passed","title":"toggles an item on and off","duration":13.563500000003842,"failureMessages":[],"meta":{},"tags":[]},{"ancestorTitles":["useBulkSelection"],"fullName":"useBulkSelection selects all provided IDs","status":"passed","title":"selects all provided IDs","duration":10.993399999999383,"failureMessages":[],"meta":{},"tags":[]},{"ancestorTitles":["useBulkSelection"],"fullName":"useBulkSelection deselects all items","status":"passed","title":"deselects all items","duration":7.377599999999802,"failureMessages":[],"meta":{},"tags":[]},{"ancestorTitles":["useBulkSelection"],"fullName":"useBulkSelection enforces max selection limit of 50 by default","status":"passed","title":"enforces max selection limit of 50 by default","duration":7.228000000002794,"failureMessages":[],"meta":{},"tags":[]},{"ancestorTitles":["useBulkSelection"],"fullName":"useBulkSelection prevents toggle when at limit","status":"passed","title":"prevents toggle when at limit","duration":6.760300000001735,"failureMessages":[],"meta":{},"tags":[]},{"ancestorTitles":["useBulkSelection"],"fullName":"useBulkSelection allows toggle off when at limit","status":"passed","title":"allows toggle off when at limit","duration":6.47620000000461,"failureMessages":[],"meta":{},"tags":[]},{"ancestorTitles":["useBulkSelection"],"fullName":"useBulkSelection respects custom max selection limit","status":"passed","title":"respects custom max selection limit","duration":6.879699999997683,"failureMessages":[],"meta":{},"tags":[]},{"ancestorTitles":["useBulkSelection"],"fullName":"useBulkSelection returns comma-separated serializedIds for form submission","status":"passed","title":"returns comma-separated serializedIds for form submission","duration":13.457399999999325,"failureMessages":[],"meta":{},"tags":[]},{"ancestorTitles":["useBulkSelection"],"fullName":"useBulkSelection selectAll caps at maxSelection when given more IDs","status":"passed","title":"selectAll caps at maxSelection when given more IDs","duration":3.5782000000035623,"failureMessages":[],"meta":{},"tags":[]}],"startTime":1787036781280,"endTime":1787036781397.5781,"status":"passed","message":"","name":"C:/Code/Projects/requo/tests/unit/use-bulk-selection.test.ts"},{"assertionResults":[{"ancestorTitles":["useDeferredRefresh"],"fullName":"useDeferredRefresh debounces refresh calls within the default window","status":"passed","title":"debounces refresh calls within the default window","duration":110.75410000000011,"failureMessages":[],"meta":{},"tags":[]},{"ancestorTitles":["useDeferredRefresh"],"fullName":"useDeferredRefresh refreshes immediately when refreshNow is called","status":"passed","title":"refreshes immediately when refreshNow is called","duration":6.610000000000582,"failureMessages":[],"meta":{},"tags":[]}],"startTime":1787036781298,"endTime":1787036781415.61,"status":"passed","message":"","name":"C:/Code/Projects/requo/tests/unit/use-deferred-refresh.test.ts"},{"assertionResults":[{"ancestorTitles":["useOptimisticMutation"],"fullName":"useOptimisticMutation applies optimistic state and schedules refresh on success","status":"passed","title":"applies optimistic state and schedules refresh on success","duration":50.36519999999291,"failureMessages":[],"meta":{},"tags":[]},{"ancestorTitles":["useOptimisticMutation"],"fullName":"useOptimisticMutation reverts optimistic state and shows an error toast on failure","status":"passed","title":"reverts optimistic state and shows an error toast on failure","duration":25.442900000001828,"failureMessages":[],"meta":{},"tags":[]},{"ancestorTitles":["useOptimisticMutation"],"fullName":"useOptimisticMutation reverts optimistic state when affected count is zero","status":"passed","title":"reverts optimistic state when affected count is zero","duration":27.511599999997998,"failureMessages":[],"meta":{},"tags":[]}],"startTime":1787036781303,"endTime":1787036781406.5117,"status":"passed","message":"","name":"C:/Code/Projects/requo/tests/unit/use-optimistic-mutation.test.ts"},{"assertionResults":[{"ancestorTitles":["features/businesses/workflow-next-actions","getInquiryNextAction"],"fullName":"features/businesses/workflow-next-actions getInquiryNextAction turns active new inquiries into quote creation","status":"passed","title":"turns active new inquiries into quote creation","duration":4.790200000003097,"failureMessages":[],"meta":{},"tags":[]},{"ancestorTitles":["features/businesses/workflow-next-actions","getInquiryNextAction"],"fullName":"features/businesses/workflow-next-actions getInquiryNextAction keeps linked inquiries moving from the related quote","status":"passed","title":"keeps linked inquiries moving from the related quote","duration":1.6317999999955646,"failureMessages":[],"meta":{},"tags":[]},{"ancestorTitles":["features/businesses/workflow-next-actions","getInquiryNextAction"],"fullName":"features/businesses/workflow-next-actions getInquiryNextAction prioritizes pending follow-ups before quote creation","status":"passed","title":"prioritizes pending follow-ups before quote creation","duration":0.9455999999991036,"failureMessages":[],"meta":{},"tags":[]},{"ancestorTitles":["features/businesses/workflow-next-actions","getInquiryNextAction"],"fullName":"features/businesses/workflow-next-actions getInquiryNextAction does not suggest next actions for inactive inquiry records","status":"passed","title":"does not suggest next actions for inactive inquiry records","duration":0.7576999999946565,"failureMessages":[],"meta":{},"tags":[]},{"ancestorTitles":["features/businesses/workflow-next-actions","getQuoteNextAction"],"fullName":"features/businesses/workflow-next-actions getQuoteNextAction asks owners to send draft quotes","status":"passed","title":"asks owners to send draft quotes","duration":2.7255000000004657,"failureMessages":[],"meta":{},"tags":[]},{"ancestorTitles":["features/businesses/workflow-next-actions","getQuoteNextAction"],"fullName":"features/businesses/workflow-next-actions getQuoteNextAction follows up on viewed sent quotes without a response","status":"passed","title":"follows up on viewed sent quotes without a response","duration":0.6995999999999185,"failureMessages":[],"meta":{},"tags":[]},{"ancestorTitles":["features/businesses/workflow-next-actions","getQuoteNextAction"],"fullName":"features/businesses/workflow-next-actions getQuoteNextAction does not suggest next actions for terminal quote outcomes","status":"passed","title":"does not suggest next actions for terminal quote outcomes","duration":0.5671999999976833,"failureMessages":[],"meta":{},"tags":[]}],"startTime":1787036771399,"endTime":1787036771412.5671,"status":"passed","message":"","name":"C:/Code/Projects/requo/tests/unit/workflow-next-actions.test.ts"},{"assertionResults":[{"ancestorTitles":["inngest wiring"],"fullName":"inngest wiring registers all cron and event functions","status":"failed","title":"registers all cron and event functions","duration":16.1646999999939,"failureMessages":["AssertionError: expected [ Inngest.Function{ …(4) }, …(14) ] to have a length of 14 but got 15\n    at Proxy.<anonymous> (file:///C:/Code/Projects/requo/node_modules/@vitest/expect/dist/index.js:1389:20)\n    at Proxy.<anonymous> (file:///C:/Code/Projects/requo/node_modules/@vitest/expect/dist/index.js:1156:15)\n    at Proxy.methodWrapper (file:///C:/Code/Projects/requo/node_modules/chai/index.js:1700:25)\n    at C:/Code/Projects/requo/tests/unit/inngest/functions.test.ts:12:30\n    at file:///C:/Code/Projects/requo/node_modules/@vitest/runner/dist/chunk-artifact.js:302:11\n    at file:///C:/Code/Projects/requo/node_modules/@vitest/runner/dist/chunk-artifact.js:1903:26\n    at file:///C:/Code/Projects/requo/node_modules/@vitest/runner/dist/chunk-artifact.js:2326:20\n    at new Promise (<anonymous>)\n    at runWithCancel (file:///C:/Code/Projects/requo/node_modules/@vitest/runner/dist/chunk-artifact.js:2323:10)\n    at file:///C:/Code/Projects/requo/node_modules/@vitest/runner/dist/chunk-artifact.js:2305:20"],"meta":{},"tags":[]},{"ancestorTitles":["inngest wiring"],"fullName":"inngest wiring uses stable requo event names","status":"passed","title":"uses stable requo event names","duration":0.8555000000051223,"failureMessages":[],"meta":{},"tags":[]},{"ancestorTitles":["inngest wiring"],"fullName":"inngest wiring assigns unique function ids","status":"passed","title":"assigns unique function ids","duration":0.48019999999087304,"failureMessages":[],"meta":{},"tags":[]}],"startTime":1787036812472,"endTime":1787036812490.4802,"status":"failed","message":"","name":"C:/Code/Projects/requo/tests/unit/inngest/functions.test.ts"},{"assertionResults":[{"ancestorTitles":["tests layout verifier"],"fullName":"tests layout verifier every test file lives under an allowed top-level folder","status":"passed","title":"every test file lives under an allowed top-level folder","duration":104.25380000000041,"failureMessages":[],"meta":{},"tags":[]}],"startTime":1787036784864,"endTime":1787036784968.254,"status":"passed","message":"","name":"C:/Code/Projects/requo/tests/unit/_guards/layout.test.ts"},{"assertionResults":[{"ancestorTitles":["outbound-http guard"],"fullName":"outbound-http guard blocks requests to non-local hostnames","status":"passed","title":"blocks requests to non-local hostnames","duration":8.085500000000138,"failureMessages":[],"meta":{},"tags":[]},{"ancestorTitles":["outbound-http guard"],"fullName":"outbound-http guard passes through requests to local hostnames","status":"passed","title":"passes through requests to local hostnames","duration":10.879800000000614,"failureMessages":[],"meta":{},"tags":[]}],"startTime":1787036786205,"endTime":1787036786224.88,"status":"passed","message":"","name":"C:/Code/Projects/requo/tests/unit/_guards/outbound-http.test.ts"},{"assertionResults":[{"ancestorTitles":["tests/unit/_guards/secrets"],"fullName":"tests/unit/_guards/secrets no scanned file contains a Test_Secret_Placeholder verbatim","status":"passed","title":"no scanned file contains a Test_Secret_Placeholder verbatim","duration":72.14649999999529,"failureMessages":[],"meta":{},"tags":[]}],"startTime":1787036771176,"endTime":1787036771248.1465,"status":"passed","message":"","name":"C:/Code/Projects/requo/tests/unit/_guards/secrets.test.ts"},{"assertionResults":[{"ancestorTitles":["timing guard"],"fullName":"timing guard no Vitest test exceeds 30s without explicit opt-out","status":"passed","title":"no Vitest test exceeds 30s without explicit opt-out","duration":5.512800000000425,"failureMessages":[],"meta":{},"tags":[]},{"ancestorTitles":["timing guard"],"fullName":"timing guard no Component_Test exceeds 10s without explicit opt-out","status":"passed","title":"no Component_Test exceeds 10s without explicit opt-out","duration":0.8751000000002023,"failureMessages":[],"meta":{},"tags":[]}],"startTime":1787036795493,"endTime":1787036795499.875,"status":"passed","message":"","name":"C:/Code/Projects/requo/tests/unit/_guards/timing.test.ts"}]}